<?xml version="1.0" encoding="UTF-8"?>
<testsuite xmlns:xsi="http://www.w3.org/2001/XMLSchema-instance" xsi:noNamespaceSchemaLocation="https://maven.apache.org/surefire/maven-surefire-plugin/xsd/surefire-test-report.xsd" name="com.microservice.authservice.AuthServiceApplicationTests" time="7.939" tests="1" errors="1" skipped="0" failures="0">
  <properties>
    <property name="java.specification.version" value="18"/>
    <property name="sun.jnu.encoding" value="UTF-8"/>
    <property name="java.class.path" value="/Users/phuctran/Desktop/rental-microservice/auth-service/target/test-classes:/Users/phuctran/Desktop/rental-microservice/auth-service/target/classes:/Users/phuctran/.m2/repository/org/springframework/boot/spring-boot-starter-data-jpa/2.7.3/spring-boot-starter-data-jpa-2.7.3.jar:/Users/phuctran/.m2/repository/org/springframework/boot/spring-boot-starter-aop/2.7.3/spring-boot-starter-aop-2.7.3.jar:/Users/phuctran/.m2/repository/org/aspectj/aspectjweaver/1.9.7/aspectjweaver-1.9.7.jar:/Users/phuctran/.m2/repository/org/springframework/boot/spring-boot-starter-jdbc/2.7.3/spring-boot-starter-jdbc-2.7.3.jar:/Users/phuctran/.m2/repository/com/zaxxer/HikariCP/4.0.3/HikariCP-4.0.3.jar:/Users/phuctran/.m2/repository/org/springframework/spring-jdbc/5.3.22/spring-jdbc-5.3.22.jar:/Users/phuctran/.m2/repository/jakarta/transaction/jakarta.transaction-api/1.3.3/jakarta.transaction-api-1.3.3.jar:/Users/phuctran/.m2/repository/jakarta/persistence/jakarta.persistence-api/2.2.3/jakarta.persistence-api-2.2.3.jar:/Users/phuctran/.m2/repository/org/hibernate/hibernate-core/5.6.10.Final/hibernate-core-5.6.10.Final.jar:/Users/phuctran/.m2/repository/org/jboss/logging/jboss-logging/3.4.3.Final/jboss-logging-3.4.3.Final.jar:/Users/phuctran/.m2/repository/net/bytebuddy/byte-buddy/1.12.13/byte-buddy-1.12.13.jar:/Users/phuctran/.m2/repository/antlr/antlr/2.7.7/antlr-2.7.7.jar:/Users/phuctran/.m2/repository/org/jboss/jandex/2.4.2.Final/jandex-2.4.2.Final.jar:/Users/phuctran/.m2/repository/com/fasterxml/classmate/1.5.1/classmate-1.5.1.jar:/Users/phuctran/.m2/repository/org/hibernate/common/hibernate-commons-annotations/5.1.2.Final/hibernate-commons-annotations-5.1.2.Final.jar:/Users/phuctran/.m2/repository/org/glassfish/jaxb/jaxb-runtime/2.3.6/jaxb-runtime-2.3.6.jar:/Users/phuctran/.m2/repository/org/glassfish/jaxb/txw2/2.3.6/txw2-2.3.6.jar:/Users/phuctran/.m2/repository/com/sun/istack/istack-commons-runtime/3.0.12/istack-commons-runtime-3.0.12.jar:/Users/phuctran/.m2/repository/com/sun/activation/jakarta.activation/1.2.2/jakarta.activation-1.2.2.jar:/Users/phuctran/.m2/repository/org/springframework/data/spring-data-jpa/2.7.2/spring-data-jpa-2.7.2.jar:/Users/phuctran/.m2/repository/org/springframework/data/spring-data-commons/2.7.2/spring-data-commons-2.7.2.jar:/Users/phuctran/.m2/repository/org/springframework/spring-orm/5.3.22/spring-orm-5.3.22.jar:/Users/phuctran/.m2/repository/org/springframework/spring-context/5.3.22/spring-context-5.3.22.jar:/Users/phuctran/.m2/repository/org/springframework/spring-tx/5.3.22/spring-tx-5.3.22.jar:/Users/phuctran/.m2/repository/org/springframework/spring-beans/5.3.22/spring-beans-5.3.22.jar:/Users/phuctran/.m2/repository/org/slf4j/slf4j-api/1.7.36/slf4j-api-1.7.36.jar:/Users/phuctran/.m2/repository/org/springframework/spring-aspects/5.3.22/spring-aspects-5.3.22.jar:/Users/phuctran/.m2/repository/org/springframework/boot/spring-boot-starter-web/2.7.3/spring-boot-starter-web-2.7.3.jar:/Users/phuctran/.m2/repository/org/springframework/boot/spring-boot-starter/2.7.3/spring-boot-starter-2.7.3.jar:/Users/phuctran/.m2/repository/org/springframework/boot/spring-boot-starter-logging/2.7.3/spring-boot-starter-logging-2.7.3.jar:/Users/phuctran/.m2/repository/ch/qos/logback/logback-classic/1.2.11/logback-classic-1.2.11.jar:/Users/phuctran/.m2/repository/ch/qos/logback/logback-core/1.2.11/logback-core-1.2.11.jar:/Users/phuctran/.m2/repository/org/apache/logging/log4j/log4j-to-slf4j/2.17.2/log4j-to-slf4j-2.17.2.jar:/Users/phuctran/.m2/repository/org/apache/logging/log4j/log4j-api/2.17.2/log4j-api-2.17.2.jar:/Users/phuctran/.m2/repository/org/slf4j/jul-to-slf4j/1.7.36/jul-to-slf4j-1.7.36.jar:/Users/phuctran/.m2/repository/jakarta/annotation/jakarta.annotation-api/1.3.5/jakarta.annotation-api-1.3.5.jar:/Users/phuctran/.m2/repository/org/yaml/snakeyaml/1.30/snakeyaml-1.30.jar:/Users/phuctran/.m2/repository/org/springframework/boot/spring-boot-starter-json/2.7.3/spring-boot-starter-json-2.7.3.jar:/Users/phuctran/.m2/repository/com/fasterxml/jackson/datatype/jackson-datatype-jdk8/2.13.3/jackson-datatype-jdk8-2.13.3.jar:/Users/phuctran/.m2/repository/com/fasterxml/jackson/datatype/jackson-datatype-jsr310/2.13.3/jackson-datatype-jsr310-2.13.3.jar:/Users/phuctran/.m2/repository/com/fasterxml/jackson/module/jackson-module-parameter-names/2.13.3/jackson-module-parameter-names-2.13.3.jar:/Users/phuctran/.m2/repository/org/springframework/boot/spring-boot-starter-tomcat/2.7.3/spring-boot-starter-tomcat-2.7.3.jar:/Users/phuctran/.m2/repository/org/apache/tomcat/embed/tomcat-embed-core/9.0.65/tomcat-embed-core-9.0.65.jar:/Users/phuctran/.m2/repository/org/apache/tomcat/embed/tomcat-embed-el/9.0.65/tomcat-embed-el-9.0.65.jar:/Users/phuctran/.m2/repository/org/apache/tomcat/embed/tomcat-embed-websocket/9.0.65/tomcat-embed-websocket-9.0.65.jar:/Users/phuctran/.m2/repository/org/springframework/spring-web/5.3.22/spring-web-5.3.22.jar:/Users/phuctran/.m2/repository/org/springframework/spring-webmvc/5.3.22/spring-webmvc-5.3.22.jar:/Users/phuctran/.m2/repository/org/springframework/spring-expression/5.3.22/spring-expression-5.3.22.jar:/Users/phuctran/.m2/repository/org/springframework/cloud/spring-cloud-starter-netflix-eureka-client/3.1.4/spring-cloud-starter-netflix-eureka-client-3.1.4.jar:/Users/phuctran/.m2/repository/org/springframework/cloud/spring-cloud-starter/3.1.4/spring-cloud-starter-3.1.4.jar:/Users/phuctran/.m2/repository/org/springframework/cloud/spring-cloud-context/3.1.4/spring-cloud-context-3.1.4.jar:/Users/phuctran/.m2/repository/org/springframework/security/spring-security-rsa/1.0.11.RELEASE/spring-security-rsa-1.0.11.RELEASE.jar:/Users/phuctran/.m2/repository/org/bouncycastle/bcpkix-jdk15on/1.69/bcpkix-jdk15on-1.69.jar:/Users/phuctran/.m2/repository/org/bouncycastle/bcprov-jdk15on/1.69/bcprov-jdk15on-1.69.jar:/Users/phuctran/.m2/repository/org/bouncycastle/bcutil-jdk15on/1.69/bcutil-jdk15on-1.69.jar:/Users/phuctran/.m2/repository/org/springframework/cloud/spring-cloud-netflix-eureka-client/3.1.4/spring-cloud-netflix-eureka-client-3.1.4.jar:/Users/phuctran/.m2/repository/com/netflix/eureka/eureka-client/1.10.17/eureka-client-1.10.17.jar:/Users/phuctran/.m2/repository/com/netflix/netflix-commons/netflix-eventbus/0.3.0/netflix-eventbus-0.3.0.jar:/Users/phuctran/.m2/repository/com/netflix/netflix-commons/netflix-infix/0.3.0/netflix-infix-0.3.0.jar:/Users/phuctran/.m2/repository/commons-jxpath/commons-jxpath/1.3/commons-jxpath-1.3.jar:/Users/phuctran/.m2/repository/joda-time/joda-time/2.3/joda-time-2.3.jar:/Users/phuctran/.m2/repository/org/antlr/antlr-runtime/3.4/antlr-runtime-3.4.jar:/Users/phuctran/.m2/repository/org/antlr/stringtemplate/3.2.1/stringtemplate-3.2.1.jar:/Users/phuctran/.m2/repository/com/google/code/gson/gson/2.9.1/gson-2.9.1.jar:/Users/phuctran/.m2/repository/org/apache/commons/commons-math/2.2/commons-math-2.2.jar:/Users/phuctran/.m2/repository/com/thoughtworks/xstream/xstream/1.4.18/xstream-1.4.18.jar:/Users/phuctran/.m2/repository/io/github/x-stream/mxparser/1.2.2/mxparser-1.2.2.jar:/Users/phuctran/.m2/repository/xmlpull/xmlpull/1.1.3.1/xmlpull-1.1.3.1.jar:/Users/phuctran/.m2/repository/javax/ws/rs/jsr311-api/1.1.1/jsr311-api-1.1.1.jar:/Users/phuctran/.m2/repository/com/netflix/servo/servo-core/0.12.21/servo-core-0.12.21.jar:/Users/phuctran/.m2/repository/com/google/guava/guava/19.0/guava-19.0.jar:/Users/phuctran/.m2/repository/org/apache/httpcomponents/httpclient/4.5.13/httpclient-4.5.13.jar:/Users/phuctran/.m2/repository/org/apache/httpcomponents/httpcore/4.4.15/httpcore-4.4.15.jar:/Users/phuctran/.m2/repository/commons-codec/commons-codec/1.15/commons-codec-1.15.jar:/Users/phuctran/.m2/repository/commons-configuration/commons-configuration/1.10/commons-configuration-1.10.jar:/Users/phuctran/.m2/repository/commons-lang/commons-lang/2.6/commons-lang-2.6.jar:/Users/phuctran/.m2/repository/com/google/inject/guice/4.1.0/guice-4.1.0.jar:/Users/phuctran/.m2/repository/javax/inject/javax.inject/1/javax.inject-1.jar:/Users/phuctran/.m2/repository/com/fasterxml/jackson/core/jackson-annotations/2.13.3/jackson-annotations-2.13.3.jar:/Users/phuctran/.m2/repository/com/fasterxml/jackson/core/jackson-core/2.13.3/jackson-core-2.13.3.jar:/Users/phuctran/.m2/repository/org/codehaus/jettison/jettison/1.4.0/jettison-1.4.0.jar:/Users/phuctran/.m2/repository/com/netflix/eureka/eureka-core/1.10.17/eureka-core-1.10.17.jar:/Users/phuctran/.m2/repository/com/fasterxml/woodstox/woodstox-core/6.2.1/woodstox-core-6.2.1.jar:/Users/phuctran/.m2/repository/org/codehaus/woodstox/stax2-api/4.2.1/stax2-api-4.2.1.jar:/Users/phuctran/.m2/repository/org/springframework/cloud/spring-cloud-starter-loadbalancer/3.1.4/spring-cloud-starter-loadbalancer-3.1.4.jar:/Users/phuctran/.m2/repository/org/springframework/cloud/spring-cloud-loadbalancer/3.1.4/spring-cloud-loadbalancer-3.1.4.jar:/Users/phuctran/.m2/repository/io/projectreactor/reactor-core/3.4.22/reactor-core-3.4.22.jar:/Users/phuctran/.m2/repository/org/reactivestreams/reactive-streams/1.0.4/reactive-streams-1.0.4.jar:/Users/phuctran/.m2/repository/io/projectreactor/addons/reactor-extra/3.4.8/reactor-extra-3.4.8.jar:/Users/phuctran/.m2/repository/org/springframework/boot/spring-boot-starter-cache/2.7.3/spring-boot-starter-cache-2.7.3.jar:/Users/phuctran/.m2/repository/org/springframework/spring-context-support/5.3.22/spring-context-support-5.3.22.jar:/Users/phuctran/.m2/repository/com/stoyanr/evictor/1.0.0/evictor-1.0.0.jar:/Users/phuctran/.m2/repository/org/springframework/boot/spring-boot-devtools/2.7.3/spring-boot-devtools-2.7.3.jar:/Users/phuctran/.m2/repository/org/springframework/boot/spring-boot/2.7.3/spring-boot-2.7.3.jar:/Users/phuctran/.m2/repository/org/springframework/boot/spring-boot-autoconfigure/2.7.3/spring-boot-autoconfigure-2.7.3.jar:/Users/phuctran/.m2/repository/mysql/mysql-connector-java/8.0.30/mysql-connector-java-8.0.30.jar:/Users/phuctran/.m2/repository/org/projectlombok/lombok/1.18.24/lombok-1.18.24.jar:/Users/phuctran/.m2/repository/org/springframework/boot/spring-boot-starter-test/2.7.3/spring-boot-starter-test-2.7.3.jar:/Users/phuctran/.m2/repository/org/springframework/boot/spring-boot-test/2.7.3/spring-boot-test-2.7.3.jar:/Users/phuctran/.m2/repository/org/springframework/boot/spring-boot-test-autoconfigure/2.7.3/spring-boot-test-autoconfigure-2.7.3.jar:/Users/phuctran/.m2/repository/com/jayway/jsonpath/json-path/2.7.0/json-path-2.7.0.jar:/Users/phuctran/.m2/repository/net/minidev/json-smart/2.4.8/json-smart-2.4.8.jar:/Users/phuctran/.m2/repository/net/minidev/accessors-smart/2.4.8/accessors-smart-2.4.8.jar:/Users/phuctran/.m2/repository/org/ow2/asm/asm/9.1/asm-9.1.jar:/Users/phuctran/.m2/repository/jakarta/xml/bind/jakarta.xml.bind-api/2.3.3/jakarta.xml.bind-api-2.3.3.jar:/Users/phuctran/.m2/repository/jakarta/activation/jakarta.activation-api/1.2.2/jakarta.activation-api-1.2.2.jar:/Users/phuctran/.m2/repository/org/assertj/assertj-core/3.22.0/assertj-core-3.22.0.jar:/Users/phuctran/.m2/repository/org/hamcrest/hamcrest/2.2/hamcrest-2.2.jar:/Users/phuctran/.m2/repository/org/junit/jupiter/junit-jupiter/5.8.2/junit-jupiter-5.8.2.jar:/Users/phuctran/.m2/repository/org/junit/jupiter/junit-jupiter-api/5.8.2/junit-jupiter-api-5.8.2.jar:/Users/phuctran/.m2/repository/org/opentest4j/opentest4j/1.2.0/opentest4j-1.2.0.jar:/Users/phuctran/.m2/repository/org/junit/platform/junit-platform-commons/1.8.2/junit-platform-commons-1.8.2.jar:/Users/phuctran/.m2/repository/org/apiguardian/apiguardian-api/1.1.2/apiguardian-api-1.1.2.jar:/Users/phuctran/.m2/repository/org/junit/jupiter/junit-jupiter-params/5.8.2/junit-jupiter-params-5.8.2.jar:/Users/phuctran/.m2/repository/org/junit/jupiter/junit-jupiter-engine/5.8.2/junit-jupiter-engine-5.8.2.jar:/Users/phuctran/.m2/repository/org/junit/platform/junit-platform-engine/1.8.2/junit-platform-engine-1.8.2.jar:/Users/phuctran/.m2/repository/org/mockito/mockito-core/4.5.1/mockito-core-4.5.1.jar:/Users/phuctran/.m2/repository/net/bytebuddy/byte-buddy-agent/1.12.13/byte-buddy-agent-1.12.13.jar:/Users/phuctran/.m2/repository/org/objenesis/objenesis/3.2/objenesis-3.2.jar:/Users/phuctran/.m2/repository/org/mockito/mockito-junit-jupiter/4.5.1/mockito-junit-jupiter-4.5.1.jar:/Users/phuctran/.m2/repository/org/skyscreamer/jsonassert/1.5.1/jsonassert-1.5.1.jar:/Users/phuctran/.m2/repository/com/vaadin/external/google/android-json/0.0.20131108.vaadin1/android-json-0.0.20131108.vaadin1.jar:/Users/phuctran/.m2/repository/org/springframework/spring-core/5.3.22/spring-core-5.3.22.jar:/Users/phuctran/.m2/repository/org/springframework/spring-jcl/5.3.22/spring-jcl-5.3.22.jar:/Users/phuctran/.m2/repository/org/springframework/spring-test/5.3.22/spring-test-5.3.22.jar:/Users/phuctran/.m2/repository/org/xmlunit/xmlunit-core/2.9.0/xmlunit-core-2.9.0.jar:/Users/phuctran/.m2/repository/org/jetbrains/annotations/23.0.0/annotations-23.0.0.jar:/Users/phuctran/.m2/repository/jakarta/validation/jakarta.validation-api/3.0.2/jakarta.validation-api-3.0.2.jar:/Users/phuctran/.m2/repository/org/springframework/boot/spring-boot-starter-security/2.7.3/spring-boot-starter-security-2.7.3.jar:/Users/phuctran/.m2/repository/org/springframework/spring-aop/5.3.22/spring-aop-5.3.22.jar:/Users/phuctran/.m2/repository/org/springframework/security/spring-security-config/5.7.3/spring-security-config-5.7.3.jar:/Users/phuctran/.m2/repository/org/springframework/security/spring-security-core/5.7.3/spring-security-core-5.7.3.jar:/Users/phuctran/.m2/repository/org/springframework/security/spring-security-web/5.7.3/spring-security-web-5.7.3.jar:/Users/phuctran/.m2/repository/io/jsonwebtoken/jjwt/0.9.1/jjwt-0.9.1.jar:/Users/phuctran/.m2/repository/com/fasterxml/jackson/core/jackson-databind/2.13.3/jackson-databind-2.13.3.jar:/Users/phuctran/.m2/repository/org/springframework/cloud/spring-cloud-starter-config/3.1.4/spring-cloud-starter-config-3.1.4.jar:/Users/phuctran/.m2/repository/org/springframework/cloud/spring-cloud-config-client/3.1.4/spring-cloud-config-client-3.1.4.jar:/Users/phuctran/.m2/repository/org/springframework/cloud/spring-cloud-starter-bootstrap/3.1.4/spring-cloud-starter-bootstrap-3.1.4.jar:/Users/phuctran/.m2/repository/org/springframework/boot/spring-boot-actuator/2.7.3/spring-boot-actuator-2.7.3.jar:/Users/phuctran/.m2/repository/org/springframework/boot/spring-boot-starter-actuator/2.7.3/spring-boot-starter-actuator-2.7.3.jar:/Users/phuctran/.m2/repository/org/springframework/boot/spring-boot-actuator-autoconfigure/2.7.3/spring-boot-actuator-autoconfigure-2.7.3.jar:/Users/phuctran/.m2/repository/io/micrometer/micrometer-core/1.9.3/micrometer-core-1.9.3.jar:/Users/phuctran/.m2/repository/org/hdrhistogram/HdrHistogram/2.1.12/HdrHistogram-2.1.12.jar:/Users/phuctran/.m2/repository/org/latencyutils/LatencyUtils/2.0.3/LatencyUtils-2.0.3.jar:/Users/phuctran/.m2/repository/org/springframework/cloud/spring-cloud-starter-bus-amqp/3.1.2/spring-cloud-starter-bus-amqp-3.1.2.jar:/Users/phuctran/.m2/repository/org/springframework/cloud/spring-cloud-starter-stream-rabbit/3.2.5/spring-cloud-starter-stream-rabbit-3.2.5.jar:/Users/phuctran/.m2/repository/org/springframework/cloud/spring-cloud-stream-binder-rabbit/3.2.5/spring-cloud-stream-binder-rabbit-3.2.5.jar:/Users/phuctran/.m2/repository/org/springframework/cloud/spring-cloud-stream-binder-rabbit-core/3.2.5/spring-cloud-stream-binder-rabbit-core-3.2.5.jar:/Users/phuctran/.m2/repository/org/springframework/integration/spring-integration-amqp/5.5.14/spring-integration-amqp-5.5.14.jar:/Users/phuctran/.m2/repository/com/rabbitmq/http-client/2.1.0.RELEASE/http-client-2.1.0.RELEASE.jar:/Users/phuctran/.m2/repository/org/springframework/cloud/spring-cloud-stream/3.2.5/spring-cloud-stream-3.2.5.jar:/Users/phuctran/.m2/repository/org/springframework/boot/spring-boot-starter-validation/2.7.3/spring-boot-starter-validation-2.7.3.jar:/Users/phuctran/.m2/repository/org/hibernate/validator/hibernate-validator/6.2.4.Final/hibernate-validator-6.2.4.Final.jar:/Users/phuctran/.m2/repository/org/springframework/cloud/spring-cloud-function-context/3.2.7/spring-cloud-function-context-3.2.7.jar:/Users/phuctran/.m2/repository/net/jodah/typetools/0.6.2/typetools-0.6.2.jar:/Users/phuctran/.m2/repository/org/springframework/cloud/spring-cloud-function-core/3.2.7/spring-cloud-function-core-3.2.7.jar:/Users/phuctran/.m2/repository/javax/annotation/javax.annotation-api/1.3.2/javax.annotation-api-1.3.2.jar:/Users/phuctran/.m2/repository/org/jetbrains/kotlin/kotlin-stdlib-jdk8/1.6.21/kotlin-stdlib-jdk8-1.6.21.jar:/Users/phuctran/.m2/repository/org/jetbrains/kotlin/kotlin-stdlib/1.6.21/kotlin-stdlib-1.6.21.jar:/Users/phuctran/.m2/repository/org/jetbrains/kotlin/kotlin-stdlib-common/1.6.21/kotlin-stdlib-common-1.6.21.jar:/Users/phuctran/.m2/repository/org/jetbrains/kotlin/kotlin-stdlib-jdk7/1.6.21/kotlin-stdlib-jdk7-1.6.21.jar:/Users/phuctran/.m2/repository/org/springframework/boot/spring-boot-starter-amqp/2.7.3/spring-boot-starter-amqp-2.7.3.jar:/Users/phuctran/.m2/repository/org/springframework/amqp/spring-rabbit/2.4.6/spring-rabbit-2.4.6.jar:/Users/phuctran/.m2/repository/org/springframework/amqp/spring-amqp/2.4.6/spring-amqp-2.4.6.jar:/Users/phuctran/.m2/repository/com/rabbitmq/amqp-client/5.14.2/amqp-client-5.14.2.jar:/Users/phuctran/.m2/repository/org/springframework/integration/spring-integration-jmx/5.5.14/spring-integration-jmx-5.5.14.jar:/Users/phuctran/.m2/repository/org/springframework/cloud/spring-cloud-bus/3.1.2/spring-cloud-bus-3.1.2.jar:/Users/phuctran/.m2/repository/org/springframework/integration/spring-integration-core/5.5.14/spring-integration-core-5.5.14.jar:/Users/phuctran/.m2/repository/org/springframework/spring-messaging/5.3.22/spring-messaging-5.3.22.jar:/Users/phuctran/.m2/repository/org/springframework/retry/spring-retry/1.3.3/spring-retry-1.3.3.jar:/Users/phuctran/.m2/repository/org/springframework/cloud/spring-cloud-starter-openfeign/3.1.4/spring-cloud-starter-openfeign-3.1.4.jar:/Users/phuctran/.m2/repository/org/springframework/cloud/spring-cloud-openfeign-core/3.1.4/spring-cloud-openfeign-core-3.1.4.jar:/Users/phuctran/.m2/repository/io/github/openfeign/form/feign-form-spring/3.8.0/feign-form-spring-3.8.0.jar:/Users/phuctran/.m2/repository/io/github/openfeign/form/feign-form/3.8.0/feign-form-3.8.0.jar:/Users/phuctran/.m2/repository/commons-fileupload/commons-fileupload/1.4/commons-fileupload-1.4.jar:/Users/phuctran/.m2/repository/org/springframework/cloud/spring-cloud-commons/3.1.4/spring-cloud-commons-3.1.4.jar:/Users/phuctran/.m2/repository/org/springframework/security/spring-security-crypto/5.7.3/spring-security-crypto-5.7.3.jar:/Users/phuctran/.m2/repository/io/github/openfeign/feign-core/11.8/feign-core-11.8.jar:/Users/phuctran/.m2/repository/io/github/openfeign/feign-slf4j/11.8/feign-slf4j-11.8.jar:/Users/phuctran/.m2/repository/org/springframework/cloud/spring-cloud-starter-circuitbreaker-resilience4j/2.1.4/spring-cloud-starter-circuitbreaker-resilience4j-2.1.4.jar:/Users/phuctran/.m2/repository/org/springframework/cloud/spring-cloud-circuitbreaker-resilience4j/2.1.4/spring-cloud-circuitbreaker-resilience4j-2.1.4.jar:/Users/phuctran/.m2/repository/io/github/resilience4j/resilience4j-spring-boot2/1.7.0/resilience4j-spring-boot2-1.7.0.jar:/Users/phuctran/.m2/repository/io/github/resilience4j/resilience4j-spring/1.7.0/resilience4j-spring-1.7.0.jar:/Users/phuctran/.m2/repository/io/github/resilience4j/resilience4j-annotations/1.7.0/resilience4j-annotations-1.7.0.jar:/Users/phuctran/.m2/repository/io/github/resilience4j/resilience4j-consumer/1.7.0/resilience4j-consumer-1.7.0.jar:/Users/phuctran/.m2/repository/io/github/resilience4j/resilience4j-circularbuffer/1.7.0/resilience4j-circularbuffer-1.7.0.jar:/Users/phuctran/.m2/repository/io/github/resilience4j/resilience4j-framework-common/1.7.0/resilience4j-framework-common-1.7.0.jar:/Users/phuctran/.m2/repository/io/github/resilience4j/resilience4j-ratelimiter/1.7.0/resilience4j-ratelimiter-1.7.0.jar:/Users/phuctran/.m2/repository/io/github/resilience4j/resilience4j-retry/1.7.0/resilience4j-retry-1.7.0.jar:/Users/phuctran/.m2/repository/io/github/resilience4j/resilience4j-micrometer/1.7.0/resilience4j-micrometer-1.7.0.jar:/Users/phuctran/.m2/repository/io/github/resilience4j/resilience4j-circuitbreaker/1.7.0/resilience4j-circuitbreaker-1.7.0.jar:/Users/phuctran/.m2/repository/io/vavr/vavr/0.10.2/vavr-0.10.2.jar:/Users/phuctran/.m2/repository/io/vavr/vavr-match/0.10.2/vavr-match-0.10.2.jar:/Users/phuctran/.m2/repository/io/github/resilience4j/resilience4j-core/1.7.0/resilience4j-core-1.7.0.jar:/Users/phuctran/.m2/repository/io/github/resilience4j/resilience4j-timelimiter/1.7.0/resilience4j-timelimiter-1.7.0.jar:/Users/phuctran/.m2/repository/org/springframework/cloud/spring-cloud-starter-sleuth/3.1.4/spring-cloud-starter-sleuth-3.1.4.jar:/Users/phuctran/.m2/repository/org/springframework/cloud/spring-cloud-sleuth-autoconfigure/3.1.4/spring-cloud-sleuth-autoconfigure-3.1.4.jar:/Users/phuctran/.m2/repository/org/aspectj/aspectjrt/1.9.7/aspectjrt-1.9.7.jar:/Users/phuctran/.m2/repository/org/springframework/cloud/spring-cloud-sleuth-brave/3.1.4/spring-cloud-sleuth-brave-3.1.4.jar:/Users/phuctran/.m2/repository/io/zipkin/brave/brave-context-slf4j/5.13.9/brave-context-slf4j-5.13.9.jar:/Users/phuctran/.m2/repository/io/zipkin/brave/brave-instrumentation-messaging/5.13.9/brave-instrumentation-messaging-5.13.9.jar:/Users/phuctran/.m2/repository/io/zipkin/brave/brave-instrumentation-rpc/5.13.9/brave-instrumentation-rpc-5.13.9.jar:/Users/phuctran/.m2/repository/io/zipkin/brave/brave-instrumentation-spring-rabbit/5.13.9/brave-instrumentation-spring-rabbit-5.13.9.jar:/Users/phuctran/.m2/repository/io/zipkin/brave/brave-instrumentation-kafka-clients/5.13.9/brave-instrumentation-kafka-clients-5.13.9.jar:/Users/phuctran/.m2/repository/io/zipkin/brave/brave-instrumentation-kafka-streams/5.13.9/brave-instrumentation-kafka-streams-5.13.9.jar:/Users/phuctran/.m2/repository/io/zipkin/brave/brave-instrumentation-httpclient/5.13.9/brave-instrumentation-httpclient-5.13.9.jar:/Users/phuctran/.m2/repository/io/zipkin/brave/brave-instrumentation-http/5.13.9/brave-instrumentation-http-5.13.9.jar:/Users/phuctran/.m2/repository/io/zipkin/brave/brave-instrumentation-httpasyncclient/5.13.9/brave-instrumentation-httpasyncclient-5.13.9.jar:/Users/phuctran/.m2/repository/io/zipkin/brave/brave-instrumentation-jms/5.13.9/brave-instrumentation-jms-5.13.9.jar:/Users/phuctran/.m2/repository/io/zipkin/brave/brave-instrumentation-mongodb/5.13.9/brave-instrumentation-mongodb-5.13.9.jar:/Users/phuctran/.m2/repository/io/zipkin/aws/brave-propagation-aws/0.21.3/brave-propagation-aws-0.21.3.jar:/Users/phuctran/.m2/repository/io/zipkin/reporter2/zipkin-reporter-metrics-micrometer/2.16.3/zipkin-reporter-metrics-micrometer-2.16.3.jar:/Users/phuctran/.m2/repository/org/springframework/cloud/spring-cloud-sleuth-zipkin/3.1.4/spring-cloud-sleuth-zipkin-3.1.4.jar:/Users/phuctran/.m2/repository/org/springframework/cloud/spring-cloud-sleuth-instrumentation/3.1.4/spring-cloud-sleuth-instrumentation-3.1.4.jar:/Users/phuctran/.m2/repository/org/springframework/cloud/spring-cloud-sleuth-api/3.1.4/spring-cloud-sleuth-api-3.1.4.jar:/Users/phuctran/.m2/repository/io/zipkin/zipkin2/zipkin/2.23.2/zipkin-2.23.2.jar:/Users/phuctran/.m2/repository/io/zipkin/reporter2/zipkin-reporter/2.16.3/zipkin-reporter-2.16.3.jar:/Users/phuctran/.m2/repository/io/zipkin/reporter2/zipkin-reporter-brave/2.16.3/zipkin-reporter-brave-2.16.3.jar:/Users/phuctran/.m2/repository/io/zipkin/reporter2/zipkin-sender-kafka/2.16.3/zipkin-sender-kafka-2.16.3.jar:/Users/phuctran/.m2/repository/io/zipkin/reporter2/zipkin-sender-activemq-client/2.16.3/zipkin-sender-activemq-client-2.16.3.jar:/Users/phuctran/.m2/repository/io/zipkin/reporter2/zipkin-sender-amqp-client/2.16.3/zipkin-sender-amqp-client-2.16.3.jar:/Users/phuctran/.m2/repository/io/zipkin/brave/brave/5.13.9/brave-5.13.9.jar:"/>
    <property name="java.vm.vendor" value="Homebrew"/>
    <property name="sun.arch.data.model" value="64"/>
    <property name="java.vendor.url" value="https://github.com/Homebrew/homebrew-core/issues"/>
    <property name="os.name" value="Mac OS X"/>
    <property name="java.vm.specification.version" value="18"/>
    <property name="sun.java.launcher" value="SUN_STANDARD"/>
    <property name="user.country" value="VN"/>
    <property name="sun.boot.library.path" value="/opt/homebrew/Cellar/openjdk/18.0.2.1/libexec/openjdk.jdk/Contents/Home/lib"/>
    <property name="sun.java.command" value="/Users/phuctran/Desktop/rental-microservice/auth-service/target/surefire/surefirebooter9789265576043308667.jar /Users/phuctran/Desktop/rental-microservice/auth-service/target/surefire 2022-09-23T14-14-32_526-jvmRun1 surefire6151417233269751510tmp surefire_0460390726180836433tmp"/>
    <property name="http.nonProxyHosts" value="local|*.local|169.254/16|*.169.254/16"/>
    <property name="jdk.debug" value="release"/>
    <property name="surefire.test.class.path" value="/Users/phuctran/Desktop/rental-microservice/auth-service/target/test-classes:/Users/phuctran/Desktop/rental-microservice/auth-service/target/classes:/Users/phuctran/.m2/repository/org/springframework/boot/spring-boot-starter-data-jpa/2.7.3/spring-boot-starter-data-jpa-2.7.3.jar:/Users/phuctran/.m2/repository/org/springframework/boot/spring-boot-starter-aop/2.7.3/spring-boot-starter-aop-2.7.3.jar:/Users/phuctran/.m2/repository/org/aspectj/aspectjweaver/1.9.7/aspectjweaver-1.9.7.jar:/Users/phuctran/.m2/repository/org/springframework/boot/spring-boot-starter-jdbc/2.7.3/spring-boot-starter-jdbc-2.7.3.jar:/Users/phuctran/.m2/repository/com/zaxxer/HikariCP/4.0.3/HikariCP-4.0.3.jar:/Users/phuctran/.m2/repository/org/springframework/spring-jdbc/5.3.22/spring-jdbc-5.3.22.jar:/Users/phuctran/.m2/repository/jakarta/transaction/jakarta.transaction-api/1.3.3/jakarta.transaction-api-1.3.3.jar:/Users/phuctran/.m2/repository/jakarta/persistence/jakarta.persistence-api/2.2.3/jakarta.persistence-api-2.2.3.jar:/Users/phuctran/.m2/repository/org/hibernate/hibernate-core/5.6.10.Final/hibernate-core-5.6.10.Final.jar:/Users/phuctran/.m2/repository/org/jboss/logging/jboss-logging/3.4.3.Final/jboss-logging-3.4.3.Final.jar:/Users/phuctran/.m2/repository/net/bytebuddy/byte-buddy/1.12.13/byte-buddy-1.12.13.jar:/Users/phuctran/.m2/repository/antlr/antlr/2.7.7/antlr-2.7.7.jar:/Users/phuctran/.m2/repository/org/jboss/jandex/2.4.2.Final/jandex-2.4.2.Final.jar:/Users/phuctran/.m2/repository/com/fasterxml/classmate/1.5.1/classmate-1.5.1.jar:/Users/phuctran/.m2/repository/org/hibernate/common/hibernate-commons-annotations/5.1.2.Final/hibernate-commons-annotations-5.1.2.Final.jar:/Users/phuctran/.m2/repository/org/glassfish/jaxb/jaxb-runtime/2.3.6/jaxb-runtime-2.3.6.jar:/Users/phuctran/.m2/repository/org/glassfish/jaxb/txw2/2.3.6/txw2-2.3.6.jar:/Users/phuctran/.m2/repository/com/sun/istack/istack-commons-runtime/3.0.12/istack-commons-runtime-3.0.12.jar:/Users/phuctran/.m2/repository/com/sun/activation/jakarta.activation/1.2.2/jakarta.activation-1.2.2.jar:/Users/phuctran/.m2/repository/org/springframework/data/spring-data-jpa/2.7.2/spring-data-jpa-2.7.2.jar:/Users/phuctran/.m2/repository/org/springframework/data/spring-data-commons/2.7.2/spring-data-commons-2.7.2.jar:/Users/phuctran/.m2/repository/org/springframework/spring-orm/5.3.22/spring-orm-5.3.22.jar:/Users/phuctran/.m2/repository/org/springframework/spring-context/5.3.22/spring-context-5.3.22.jar:/Users/phuctran/.m2/repository/org/springframework/spring-tx/5.3.22/spring-tx-5.3.22.jar:/Users/phuctran/.m2/repository/org/springframework/spring-beans/5.3.22/spring-beans-5.3.22.jar:/Users/phuctran/.m2/repository/org/slf4j/slf4j-api/1.7.36/slf4j-api-1.7.36.jar:/Users/phuctran/.m2/repository/org/springframework/spring-aspects/5.3.22/spring-aspects-5.3.22.jar:/Users/phuctran/.m2/repository/org/springframework/boot/spring-boot-starter-web/2.7.3/spring-boot-starter-web-2.7.3.jar:/Users/phuctran/.m2/repository/org/springframework/boot/spring-boot-starter/2.7.3/spring-boot-starter-2.7.3.jar:/Users/phuctran/.m2/repository/org/springframework/boot/spring-boot-starter-logging/2.7.3/spring-boot-starter-logging-2.7.3.jar:/Users/phuctran/.m2/repository/ch/qos/logback/logback-classic/1.2.11/logback-classic-1.2.11.jar:/Users/phuctran/.m2/repository/ch/qos/logback/logback-core/1.2.11/logback-core-1.2.11.jar:/Users/phuctran/.m2/repository/org/apache/logging/log4j/log4j-to-slf4j/2.17.2/log4j-to-slf4j-2.17.2.jar:/Users/phuctran/.m2/repository/org/apache/logging/log4j/log4j-api/2.17.2/log4j-api-2.17.2.jar:/Users/phuctran/.m2/repository/org/slf4j/jul-to-slf4j/1.7.36/jul-to-slf4j-1.7.36.jar:/Users/phuctran/.m2/repository/jakarta/annotation/jakarta.annotation-api/1.3.5/jakarta.annotation-api-1.3.5.jar:/Users/phuctran/.m2/repository/org/yaml/snakeyaml/1.30/snakeyaml-1.30.jar:/Users/phuctran/.m2/repository/org/springframework/boot/spring-boot-starter-json/2.7.3/spring-boot-starter-json-2.7.3.jar:/Users/phuctran/.m2/repository/com/fasterxml/jackson/datatype/jackson-datatype-jdk8/2.13.3/jackson-datatype-jdk8-2.13.3.jar:/Users/phuctran/.m2/repository/com/fasterxml/jackson/datatype/jackson-datatype-jsr310/2.13.3/jackson-datatype-jsr310-2.13.3.jar:/Users/phuctran/.m2/repository/com/fasterxml/jackson/module/jackson-module-parameter-names/2.13.3/jackson-module-parameter-names-2.13.3.jar:/Users/phuctran/.m2/repository/org/springframework/boot/spring-boot-starter-tomcat/2.7.3/spring-boot-starter-tomcat-2.7.3.jar:/Users/phuctran/.m2/repository/org/apache/tomcat/embed/tomcat-embed-core/9.0.65/tomcat-embed-core-9.0.65.jar:/Users/phuctran/.m2/repository/org/apache/tomcat/embed/tomcat-embed-el/9.0.65/tomcat-embed-el-9.0.65.jar:/Users/phuctran/.m2/repository/org/apache/tomcat/embed/tomcat-embed-websocket/9.0.65/tomcat-embed-websocket-9.0.65.jar:/Users/phuctran/.m2/repository/org/springframework/spring-web/5.3.22/spring-web-5.3.22.jar:/Users/phuctran/.m2/repository/org/springframework/spring-webmvc/5.3.22/spring-webmvc-5.3.22.jar:/Users/phuctran/.m2/repository/org/springframework/spring-expression/5.3.22/spring-expression-5.3.22.jar:/Users/phuctran/.m2/repository/org/springframework/cloud/spring-cloud-starter-netflix-eureka-client/3.1.4/spring-cloud-starter-netflix-eureka-client-3.1.4.jar:/Users/phuctran/.m2/repository/org/springframework/cloud/spring-cloud-starter/3.1.4/spring-cloud-starter-3.1.4.jar:/Users/phuctran/.m2/repository/org/springframework/cloud/spring-cloud-context/3.1.4/spring-cloud-context-3.1.4.jar:/Users/phuctran/.m2/repository/org/springframework/security/spring-security-rsa/1.0.11.RELEASE/spring-security-rsa-1.0.11.RELEASE.jar:/Users/phuctran/.m2/repository/org/bouncycastle/bcpkix-jdk15on/1.69/bcpkix-jdk15on-1.69.jar:/Users/phuctran/.m2/repository/org/bouncycastle/bcprov-jdk15on/1.69/bcprov-jdk15on-1.69.jar:/Users/phuctran/.m2/repository/org/bouncycastle/bcutil-jdk15on/1.69/bcutil-jdk15on-1.69.jar:/Users/phuctran/.m2/repository/org/springframework/cloud/spring-cloud-netflix-eureka-client/3.1.4/spring-cloud-netflix-eureka-client-3.1.4.jar:/Users/phuctran/.m2/repository/com/netflix/eureka/eureka-client/1.10.17/eureka-client-1.10.17.jar:/Users/phuctran/.m2/repository/com/netflix/netflix-commons/netflix-eventbus/0.3.0/netflix-eventbus-0.3.0.jar:/Users/phuctran/.m2/repository/com/netflix/netflix-commons/netflix-infix/0.3.0/netflix-infix-0.3.0.jar:/Users/phuctran/.m2/repository/commons-jxpath/commons-jxpath/1.3/commons-jxpath-1.3.jar:/Users/phuctran/.m2/repository/joda-time/joda-time/2.3/joda-time-2.3.jar:/Users/phuctran/.m2/repository/org/antlr/antlr-runtime/3.4/antlr-runtime-3.4.jar:/Users/phuctran/.m2/repository/org/antlr/stringtemplate/3.2.1/stringtemplate-3.2.1.jar:/Users/phuctran/.m2/repository/com/google/code/gson/gson/2.9.1/gson-2.9.1.jar:/Users/phuctran/.m2/repository/org/apache/commons/commons-math/2.2/commons-math-2.2.jar:/Users/phuctran/.m2/repository/com/thoughtworks/xstream/xstream/1.4.18/xstream-1.4.18.jar:/Users/phuctran/.m2/repository/io/github/x-stream/mxparser/1.2.2/mxparser-1.2.2.jar:/Users/phuctran/.m2/repository/xmlpull/xmlpull/1.1.3.1/xmlpull-1.1.3.1.jar:/Users/phuctran/.m2/repository/javax/ws/rs/jsr311-api/1.1.1/jsr311-api-1.1.1.jar:/Users/phuctran/.m2/repository/com/netflix/servo/servo-core/0.12.21/servo-core-0.12.21.jar:/Users/phuctran/.m2/repository/com/google/guava/guava/19.0/guava-19.0.jar:/Users/phuctran/.m2/repository/org/apache/httpcomponents/httpclient/4.5.13/httpclient-4.5.13.jar:/Users/phuctran/.m2/repository/org/apache/httpcomponents/httpcore/4.4.15/httpcore-4.4.15.jar:/Users/phuctran/.m2/repository/commons-codec/commons-codec/1.15/commons-codec-1.15.jar:/Users/phuctran/.m2/repository/commons-configuration/commons-configuration/1.10/commons-configuration-1.10.jar:/Users/phuctran/.m2/repository/commons-lang/commons-lang/2.6/commons-lang-2.6.jar:/Users/phuctran/.m2/repository/com/google/inject/guice/4.1.0/guice-4.1.0.jar:/Users/phuctran/.m2/repository/javax/inject/javax.inject/1/javax.inject-1.jar:/Users/phuctran/.m2/repository/com/fasterxml/jackson/core/jackson-annotations/2.13.3/jackson-annotations-2.13.3.jar:/Users/phuctran/.m2/repository/com/fasterxml/jackson/core/jackson-core/2.13.3/jackson-core-2.13.3.jar:/Users/phuctran/.m2/repository/org/codehaus/jettison/jettison/1.4.0/jettison-1.4.0.jar:/Users/phuctran/.m2/repository/com/netflix/eureka/eureka-core/1.10.17/eureka-core-1.10.17.jar:/Users/phuctran/.m2/repository/com/fasterxml/woodstox/woodstox-core/6.2.1/woodstox-core-6.2.1.jar:/Users/phuctran/.m2/repository/org/codehaus/woodstox/stax2-api/4.2.1/stax2-api-4.2.1.jar:/Users/phuctran/.m2/repository/org/springframework/cloud/spring-cloud-starter-loadbalancer/3.1.4/spring-cloud-starter-loadbalancer-3.1.4.jar:/Users/phuctran/.m2/repository/org/springframework/cloud/spring-cloud-loadbalancer/3.1.4/spring-cloud-loadbalancer-3.1.4.jar:/Users/phuctran/.m2/repository/io/projectreactor/reactor-core/3.4.22/reactor-core-3.4.22.jar:/Users/phuctran/.m2/repository/org/reactivestreams/reactive-streams/1.0.4/reactive-streams-1.0.4.jar:/Users/phuctran/.m2/repository/io/projectreactor/addons/reactor-extra/3.4.8/reactor-extra-3.4.8.jar:/Users/phuctran/.m2/repository/org/springframework/boot/spring-boot-starter-cache/2.7.3/spring-boot-starter-cache-2.7.3.jar:/Users/phuctran/.m2/repository/org/springframework/spring-context-support/5.3.22/spring-context-support-5.3.22.jar:/Users/phuctran/.m2/repository/com/stoyanr/evictor/1.0.0/evictor-1.0.0.jar:/Users/phuctran/.m2/repository/org/springframework/boot/spring-boot-devtools/2.7.3/spring-boot-devtools-2.7.3.jar:/Users/phuctran/.m2/repository/org/springframework/boot/spring-boot/2.7.3/spring-boot-2.7.3.jar:/Users/phuctran/.m2/repository/org/springframework/boot/spring-boot-autoconfigure/2.7.3/spring-boot-autoconfigure-2.7.3.jar:/Users/phuctran/.m2/repository/mysql/mysql-connector-java/8.0.30/mysql-connector-java-8.0.30.jar:/Users/phuctran/.m2/repository/org/projectlombok/lombok/1.18.24/lombok-1.18.24.jar:/Users/phuctran/.m2/repository/org/springframework/boot/spring-boot-starter-test/2.7.3/spring-boot-starter-test-2.7.3.jar:/Users/phuctran/.m2/repository/org/springframework/boot/spring-boot-test/2.7.3/spring-boot-test-2.7.3.jar:/Users/phuctran/.m2/repository/org/springframework/boot/spring-boot-test-autoconfigure/2.7.3/spring-boot-test-autoconfigure-2.7.3.jar:/Users/phuctran/.m2/repository/com/jayway/jsonpath/json-path/2.7.0/json-path-2.7.0.jar:/Users/phuctran/.m2/repository/net/minidev/json-smart/2.4.8/json-smart-2.4.8.jar:/Users/phuctran/.m2/repository/net/minidev/accessors-smart/2.4.8/accessors-smart-2.4.8.jar:/Users/phuctran/.m2/repository/org/ow2/asm/asm/9.1/asm-9.1.jar:/Users/phuctran/.m2/repository/jakarta/xml/bind/jakarta.xml.bind-api/2.3.3/jakarta.xml.bind-api-2.3.3.jar:/Users/phuctran/.m2/repository/jakarta/activation/jakarta.activation-api/1.2.2/jakarta.activation-api-1.2.2.jar:/Users/phuctran/.m2/repository/org/assertj/assertj-core/3.22.0/assertj-core-3.22.0.jar:/Users/phuctran/.m2/repository/org/hamcrest/hamcrest/2.2/hamcrest-2.2.jar:/Users/phuctran/.m2/repository/org/junit/jupiter/junit-jupiter/5.8.2/junit-jupiter-5.8.2.jar:/Users/phuctran/.m2/repository/org/junit/jupiter/junit-jupiter-api/5.8.2/junit-jupiter-api-5.8.2.jar:/Users/phuctran/.m2/repository/org/opentest4j/opentest4j/1.2.0/opentest4j-1.2.0.jar:/Users/phuctran/.m2/repository/org/junit/platform/junit-platform-commons/1.8.2/junit-platform-commons-1.8.2.jar:/Users/phuctran/.m2/repository/org/apiguardian/apiguardian-api/1.1.2/apiguardian-api-1.1.2.jar:/Users/phuctran/.m2/repository/org/junit/jupiter/junit-jupiter-params/5.8.2/junit-jupiter-params-5.8.2.jar:/Users/phuctran/.m2/repository/org/junit/jupiter/junit-jupiter-engine/5.8.2/junit-jupiter-engine-5.8.2.jar:/Users/phuctran/.m2/repository/org/junit/platform/junit-platform-engine/1.8.2/junit-platform-engine-1.8.2.jar:/Users/phuctran/.m2/repository/org/mockito/mockito-core/4.5.1/mockito-core-4.5.1.jar:/Users/phuctran/.m2/repository/net/bytebuddy/byte-buddy-agent/1.12.13/byte-buddy-agent-1.12.13.jar:/Users/phuctran/.m2/repository/org/objenesis/objenesis/3.2/objenesis-3.2.jar:/Users/phuctran/.m2/repository/org/mockito/mockito-junit-jupiter/4.5.1/mockito-junit-jupiter-4.5.1.jar:/Users/phuctran/.m2/repository/org/skyscreamer/jsonassert/1.5.1/jsonassert-1.5.1.jar:/Users/phuctran/.m2/repository/com/vaadin/external/google/android-json/0.0.20131108.vaadin1/android-json-0.0.20131108.vaadin1.jar:/Users/phuctran/.m2/repository/org/springframework/spring-core/5.3.22/spring-core-5.3.22.jar:/Users/phuctran/.m2/repository/org/springframework/spring-jcl/5.3.22/spring-jcl-5.3.22.jar:/Users/phuctran/.m2/repository/org/springframework/spring-test/5.3.22/spring-test-5.3.22.jar:/Users/phuctran/.m2/repository/org/xmlunit/xmlunit-core/2.9.0/xmlunit-core-2.9.0.jar:/Users/phuctran/.m2/repository/org/jetbrains/annotations/23.0.0/annotations-23.0.0.jar:/Users/phuctran/.m2/repository/jakarta/validation/jakarta.validation-api/3.0.2/jakarta.validation-api-3.0.2.jar:/Users/phuctran/.m2/repository/org/springframework/boot/spring-boot-starter-security/2.7.3/spring-boot-starter-security-2.7.3.jar:/Users/phuctran/.m2/repository/org/springframework/spring-aop/5.3.22/spring-aop-5.3.22.jar:/Users/phuctran/.m2/repository/org/springframework/security/spring-security-config/5.7.3/spring-security-config-5.7.3.jar:/Users/phuctran/.m2/repository/org/springframework/security/spring-security-core/5.7.3/spring-security-core-5.7.3.jar:/Users/phuctran/.m2/repository/org/springframework/security/spring-security-web/5.7.3/spring-security-web-5.7.3.jar:/Users/phuctran/.m2/repository/io/jsonwebtoken/jjwt/0.9.1/jjwt-0.9.1.jar:/Users/phuctran/.m2/repository/com/fasterxml/jackson/core/jackson-databind/2.13.3/jackson-databind-2.13.3.jar:/Users/phuctran/.m2/repository/org/springframework/cloud/spring-cloud-starter-config/3.1.4/spring-cloud-starter-config-3.1.4.jar:/Users/phuctran/.m2/repository/org/springframework/cloud/spring-cloud-config-client/3.1.4/spring-cloud-config-client-3.1.4.jar:/Users/phuctran/.m2/repository/org/springframework/cloud/spring-cloud-starter-bootstrap/3.1.4/spring-cloud-starter-bootstrap-3.1.4.jar:/Users/phuctran/.m2/repository/org/springframework/boot/spring-boot-actuator/2.7.3/spring-boot-actuator-2.7.3.jar:/Users/phuctran/.m2/repository/org/springframework/boot/spring-boot-starter-actuator/2.7.3/spring-boot-starter-actuator-2.7.3.jar:/Users/phuctran/.m2/repository/org/springframework/boot/spring-boot-actuator-autoconfigure/2.7.3/spring-boot-actuator-autoconfigure-2.7.3.jar:/Users/phuctran/.m2/repository/io/micrometer/micrometer-core/1.9.3/micrometer-core-1.9.3.jar:/Users/phuctran/.m2/repository/org/hdrhistogram/HdrHistogram/2.1.12/HdrHistogram-2.1.12.jar:/Users/phuctran/.m2/repository/org/latencyutils/LatencyUtils/2.0.3/LatencyUtils-2.0.3.jar:/Users/phuctran/.m2/repository/org/springframework/cloud/spring-cloud-starter-bus-amqp/3.1.2/spring-cloud-starter-bus-amqp-3.1.2.jar:/Users/phuctran/.m2/repository/org/springframework/cloud/spring-cloud-starter-stream-rabbit/3.2.5/spring-cloud-starter-stream-rabbit-3.2.5.jar:/Users/phuctran/.m2/repository/org/springframework/cloud/spring-cloud-stream-binder-rabbit/3.2.5/spring-cloud-stream-binder-rabbit-3.2.5.jar:/Users/phuctran/.m2/repository/org/springframework/cloud/spring-cloud-stream-binder-rabbit-core/3.2.5/spring-cloud-stream-binder-rabbit-core-3.2.5.jar:/Users/phuctran/.m2/repository/org/springframework/integration/spring-integration-amqp/5.5.14/spring-integration-amqp-5.5.14.jar:/Users/phuctran/.m2/repository/com/rabbitmq/http-client/2.1.0.RELEASE/http-client-2.1.0.RELEASE.jar:/Users/phuctran/.m2/repository/org/springframework/cloud/spring-cloud-stream/3.2.5/spring-cloud-stream-3.2.5.jar:/Users/phuctran/.m2/repository/org/springframework/boot/spring-boot-starter-validation/2.7.3/spring-boot-starter-validation-2.7.3.jar:/Users/phuctran/.m2/repository/org/hibernate/validator/hibernate-validator/6.2.4.Final/hibernate-validator-6.2.4.Final.jar:/Users/phuctran/.m2/repository/org/springframework/cloud/spring-cloud-function-context/3.2.7/spring-cloud-function-context-3.2.7.jar:/Users/phuctran/.m2/repository/net/jodah/typetools/0.6.2/typetools-0.6.2.jar:/Users/phuctran/.m2/repository/org/springframework/cloud/spring-cloud-function-core/3.2.7/spring-cloud-function-core-3.2.7.jar:/Users/phuctran/.m2/repository/javax/annotation/javax.annotation-api/1.3.2/javax.annotation-api-1.3.2.jar:/Users/phuctran/.m2/repository/org/jetbrains/kotlin/kotlin-stdlib-jdk8/1.6.21/kotlin-stdlib-jdk8-1.6.21.jar:/Users/phuctran/.m2/repository/org/jetbrains/kotlin/kotlin-stdlib/1.6.21/kotlin-stdlib-1.6.21.jar:/Users/phuctran/.m2/repository/org/jetbrains/kotlin/kotlin-stdlib-common/1.6.21/kotlin-stdlib-common-1.6.21.jar:/Users/phuctran/.m2/repository/org/jetbrains/kotlin/kotlin-stdlib-jdk7/1.6.21/kotlin-stdlib-jdk7-1.6.21.jar:/Users/phuctran/.m2/repository/org/springframework/boot/spring-boot-starter-amqp/2.7.3/spring-boot-starter-amqp-2.7.3.jar:/Users/phuctran/.m2/repository/org/springframework/amqp/spring-rabbit/2.4.6/spring-rabbit-2.4.6.jar:/Users/phuctran/.m2/repository/org/springframework/amqp/spring-amqp/2.4.6/spring-amqp-2.4.6.jar:/Users/phuctran/.m2/repository/com/rabbitmq/amqp-client/5.14.2/amqp-client-5.14.2.jar:/Users/phuctran/.m2/repository/org/springframework/integration/spring-integration-jmx/5.5.14/spring-integration-jmx-5.5.14.jar:/Users/phuctran/.m2/repository/org/springframework/cloud/spring-cloud-bus/3.1.2/spring-cloud-bus-3.1.2.jar:/Users/phuctran/.m2/repository/org/springframework/integration/spring-integration-core/5.5.14/spring-integration-core-5.5.14.jar:/Users/phuctran/.m2/repository/org/springframework/spring-messaging/5.3.22/spring-messaging-5.3.22.jar:/Users/phuctran/.m2/repository/org/springframework/retry/spring-retry/1.3.3/spring-retry-1.3.3.jar:/Users/phuctran/.m2/repository/org/springframework/cloud/spring-cloud-starter-openfeign/3.1.4/spring-cloud-starter-openfeign-3.1.4.jar:/Users/phuctran/.m2/repository/org/springframework/cloud/spring-cloud-openfeign-core/3.1.4/spring-cloud-openfeign-core-3.1.4.jar:/Users/phuctran/.m2/repository/io/github/openfeign/form/feign-form-spring/3.8.0/feign-form-spring-3.8.0.jar:/Users/phuctran/.m2/repository/io/github/openfeign/form/feign-form/3.8.0/feign-form-3.8.0.jar:/Users/phuctran/.m2/repository/commons-fileupload/commons-fileupload/1.4/commons-fileupload-1.4.jar:/Users/phuctran/.m2/repository/org/springframework/cloud/spring-cloud-commons/3.1.4/spring-cloud-commons-3.1.4.jar:/Users/phuctran/.m2/repository/org/springframework/security/spring-security-crypto/5.7.3/spring-security-crypto-5.7.3.jar:/Users/phuctran/.m2/repository/io/github/openfeign/feign-core/11.8/feign-core-11.8.jar:/Users/phuctran/.m2/repository/io/github/openfeign/feign-slf4j/11.8/feign-slf4j-11.8.jar:/Users/phuctran/.m2/repository/org/springframework/cloud/spring-cloud-starter-circuitbreaker-resilience4j/2.1.4/spring-cloud-starter-circuitbreaker-resilience4j-2.1.4.jar:/Users/phuctran/.m2/repository/org/springframework/cloud/spring-cloud-circuitbreaker-resilience4j/2.1.4/spring-cloud-circuitbreaker-resilience4j-2.1.4.jar:/Users/phuctran/.m2/repository/io/github/resilience4j/resilience4j-spring-boot2/1.7.0/resilience4j-spring-boot2-1.7.0.jar:/Users/phuctran/.m2/repository/io/github/resilience4j/resilience4j-spring/1.7.0/resilience4j-spring-1.7.0.jar:/Users/phuctran/.m2/repository/io/github/resilience4j/resilience4j-annotations/1.7.0/resilience4j-annotations-1.7.0.jar:/Users/phuctran/.m2/repository/io/github/resilience4j/resilience4j-consumer/1.7.0/resilience4j-consumer-1.7.0.jar:/Users/phuctran/.m2/repository/io/github/resilience4j/resilience4j-circularbuffer/1.7.0/resilience4j-circularbuffer-1.7.0.jar:/Users/phuctran/.m2/repository/io/github/resilience4j/resilience4j-framework-common/1.7.0/resilience4j-framework-common-1.7.0.jar:/Users/phuctran/.m2/repository/io/github/resilience4j/resilience4j-ratelimiter/1.7.0/resilience4j-ratelimiter-1.7.0.jar:/Users/phuctran/.m2/repository/io/github/resilience4j/resilience4j-retry/1.7.0/resilience4j-retry-1.7.0.jar:/Users/phuctran/.m2/repository/io/github/resilience4j/resilience4j-micrometer/1.7.0/resilience4j-micrometer-1.7.0.jar:/Users/phuctran/.m2/repository/io/github/resilience4j/resilience4j-circuitbreaker/1.7.0/resilience4j-circuitbreaker-1.7.0.jar:/Users/phuctran/.m2/repository/io/vavr/vavr/0.10.2/vavr-0.10.2.jar:/Users/phuctran/.m2/repository/io/vavr/vavr-match/0.10.2/vavr-match-0.10.2.jar:/Users/phuctran/.m2/repository/io/github/resilience4j/resilience4j-core/1.7.0/resilience4j-core-1.7.0.jar:/Users/phuctran/.m2/repository/io/github/resilience4j/resilience4j-timelimiter/1.7.0/resilience4j-timelimiter-1.7.0.jar:/Users/phuctran/.m2/repository/org/springframework/cloud/spring-cloud-starter-sleuth/3.1.4/spring-cloud-starter-sleuth-3.1.4.jar:/Users/phuctran/.m2/repository/org/springframework/cloud/spring-cloud-sleuth-autoconfigure/3.1.4/spring-cloud-sleuth-autoconfigure-3.1.4.jar:/Users/phuctran/.m2/repository/org/aspectj/aspectjrt/1.9.7/aspectjrt-1.9.7.jar:/Users/phuctran/.m2/repository/org/springframework/cloud/spring-cloud-sleuth-brave/3.1.4/spring-cloud-sleuth-brave-3.1.4.jar:/Users/phuctran/.m2/repository/io/zipkin/brave/brave-context-slf4j/5.13.9/brave-context-slf4j-5.13.9.jar:/Users/phuctran/.m2/repository/io/zipkin/brave/brave-instrumentation-messaging/5.13.9/brave-instrumentation-messaging-5.13.9.jar:/Users/phuctran/.m2/repository/io/zipkin/brave/brave-instrumentation-rpc/5.13.9/brave-instrumentation-rpc-5.13.9.jar:/Users/phuctran/.m2/repository/io/zipkin/brave/brave-instrumentation-spring-rabbit/5.13.9/brave-instrumentation-spring-rabbit-5.13.9.jar:/Users/phuctran/.m2/repository/io/zipkin/brave/brave-instrumentation-kafka-clients/5.13.9/brave-instrumentation-kafka-clients-5.13.9.jar:/Users/phuctran/.m2/repository/io/zipkin/brave/brave-instrumentation-kafka-streams/5.13.9/brave-instrumentation-kafka-streams-5.13.9.jar:/Users/phuctran/.m2/repository/io/zipkin/brave/brave-instrumentation-httpclient/5.13.9/brave-instrumentation-httpclient-5.13.9.jar:/Users/phuctran/.m2/repository/io/zipkin/brave/brave-instrumentation-http/5.13.9/brave-instrumentation-http-5.13.9.jar:/Users/phuctran/.m2/repository/io/zipkin/brave/brave-instrumentation-httpasyncclient/5.13.9/brave-instrumentation-httpasyncclient-5.13.9.jar:/Users/phuctran/.m2/repository/io/zipkin/brave/brave-instrumentation-jms/5.13.9/brave-instrumentation-jms-5.13.9.jar:/Users/phuctran/.m2/repository/io/zipkin/brave/brave-instrumentation-mongodb/5.13.9/brave-instrumentation-mongodb-5.13.9.jar:/Users/phuctran/.m2/repository/io/zipkin/aws/brave-propagation-aws/0.21.3/brave-propagation-aws-0.21.3.jar:/Users/phuctran/.m2/repository/io/zipkin/reporter2/zipkin-reporter-metrics-micrometer/2.16.3/zipkin-reporter-metrics-micrometer-2.16.3.jar:/Users/phuctran/.m2/repository/org/springframework/cloud/spring-cloud-sleuth-zipkin/3.1.4/spring-cloud-sleuth-zipkin-3.1.4.jar:/Users/phuctran/.m2/repository/org/springframework/cloud/spring-cloud-sleuth-instrumentation/3.1.4/spring-cloud-sleuth-instrumentation-3.1.4.jar:/Users/phuctran/.m2/repository/org/springframework/cloud/spring-cloud-sleuth-api/3.1.4/spring-cloud-sleuth-api-3.1.4.jar:/Users/phuctran/.m2/repository/io/zipkin/zipkin2/zipkin/2.23.2/zipkin-2.23.2.jar:/Users/phuctran/.m2/repository/io/zipkin/reporter2/zipkin-reporter/2.16.3/zipkin-reporter-2.16.3.jar:/Users/phuctran/.m2/repository/io/zipkin/reporter2/zipkin-reporter-brave/2.16.3/zipkin-reporter-brave-2.16.3.jar:/Users/phuctran/.m2/repository/io/zipkin/reporter2/zipkin-sender-kafka/2.16.3/zipkin-sender-kafka-2.16.3.jar:/Users/phuctran/.m2/repository/io/zipkin/reporter2/zipkin-sender-activemq-client/2.16.3/zipkin-sender-activemq-client-2.16.3.jar:/Users/phuctran/.m2/repository/io/zipkin/reporter2/zipkin-sender-amqp-client/2.16.3/zipkin-sender-amqp-client-2.16.3.jar:/Users/phuctran/.m2/repository/io/zipkin/brave/brave/5.13.9/brave-5.13.9.jar:"/>
    <property name="sun.cpu.endian" value="little"/>
    <property name="user.home" value="/Users/phuctran"/>
    <property name="user.language" value="en"/>
    <property name="java.specification.vendor" value="Oracle Corporation"/>
    <property name="java.version.date" value="2022-08-18"/>
    <property name="java.home" value="/opt/homebrew/Cellar/openjdk/18.0.2.1/libexec/openjdk.jdk/Contents/Home"/>
    <property name="file.separator" value="/"/>
    <property name="basedir" value="/Users/phuctran/Desktop/rental-microservice/auth-service"/>
    <property name="java.vm.compressedOopsMode" value="Zero based"/>
    <property name="line.separator" value="&#10;"/>
    <property name="java.vm.specification.vendor" value="Oracle Corporation"/>
    <property name="java.specification.name" value="Java Platform API Specification"/>
    <property name="apple.awt.application.name" value="ForkedBooter"/>
    <property name="surefire.real.class.path" value="/Users/phuctran/Desktop/rental-microservice/auth-service/target/surefire/surefirebooter9789265576043308667.jar"/>
    <property name="sun.management.compiler" value="HotSpot 64-Bit Tiered Compilers"/>
    <property name="ftp.nonProxyHosts" value="local|*.local|169.254/16|*.169.254/16"/>
    <property name="java.runtime.version" value="18.0.2.1+0"/>
    <property name="user.name" value="phuctran"/>
    <property name="path.separator" value=":"/>
    <property name="os.version" value="12.0.1"/>
    <property name="java.runtime.name" value="OpenJDK Runtime Environment"/>
    <property name="file.encoding" value="UTF-8"/>
    <property name="java.vm.name" value="OpenJDK 64-Bit Server VM"/>
    <property name="java.vendor.version" value="Homebrew"/>
    <property name="localRepository" value="/Users/phuctran/.m2/repository"/>
    <property name="java.vendor.url.bug" value="https://github.com/Homebrew/homebrew-core/issues"/>
    <property name="java.io.tmpdir" value="/var/folders/7j/vj06xwx936gf46t_vqkx9rzh0000gn/T/"/>
    <property name="java.version" value="18.0.2.1"/>
    <property name="user.dir" value="/Users/phuctran/Desktop/rental-microservice/auth-service"/>
    <property name="os.arch" value="aarch64"/>
    <property name="java.vm.specification.name" value="Java Virtual Machine Specification"/>
    <property name="native.encoding" value="UTF-8"/>
    <property name="java.library.path" value="/Users/phuctran/Library/Java/Extensions:/Library/Java/Extensions:/Network/Library/Java/Extensions:/System/Library/Java/Extensions:/usr/lib/java:."/>
    <property name="java.vm.info" value="mixed mode, sharing"/>
    <property name="java.vendor" value="Homebrew"/>
    <property name="java.vm.version" value="18.0.2.1+0"/>
    <property name="sun.io.unicode.encoding" value="UnicodeBig"/>
    <property name="socksNonProxyHosts" value="local|*.local|169.254/16|*.169.254/16"/>
    <property name="java.class.version" value="62.0"/>
  </properties>
  <testcase name="contextLoads" classname="com.microservice.authservice.AuthServiceApplicationTests" time="0.006">
    <error message="Failed to load ApplicationContext" type="java.lang.IllegalStateException">java.lang.IllegalStateException: Failed to load ApplicationContext
Caused by: org.springframework.beans.factory.BeanCreationException: Error creating bean with name 'entityManagerFactory' defined in class path resource [org/springframework/boot/autoconfigure/orm/jpa/HibernateJpaConfiguration.class]: Invocation of init method failed; nested exception is java.lang.NoClassDefFoundError: javax/validation/ValidatorFactory
Caused by: java.lang.NoClassDefFoundError: javax/validation/ValidatorFactory
Caused by: java.lang.ClassNotFoundException: javax.validation.ValidatorFactory
</error>
    <system-out><![CDATA[14:14:37.229 [main] DEBUG org.springframework.test.context.BootstrapUtils - Instantiating CacheAwareContextLoaderDelegate from class [org.springframework.test.context.cache.DefaultCacheAwareContextLoaderDelegate]
14:14:37.246 [main] DEBUG org.springframework.test.context.BootstrapUtils - Instantiating BootstrapContext using constructor [public org.springframework.test.context.support.DefaultBootstrapContext(java.lang.Class,org.springframework.test.context.CacheAwareContextLoaderDelegate)]
14:14:37.298 [main] DEBUG org.springframework.test.context.BootstrapUtils - Instantiating TestContextBootstrapper for test class [com.microservice.authservice.AuthServiceApplicationTests] from class [org.springframework.boot.test.context.SpringBootTestContextBootstrapper]
14:14:37.308 [main] INFO org.springframework.boot.test.context.SpringBootTestContextBootstrapper - Neither @ContextConfiguration nor @ContextHierarchy found for test class [com.microservice.authservice.AuthServiceApplicationTests], using SpringBootContextLoader
14:14:37.311 [main] DEBUG org.springframework.test.context.support.AbstractContextLoader - Did not detect default resource location for test class [com.microservice.authservice.AuthServiceApplicationTests]: class path resource [com/microservice/authservice/AuthServiceApplicationTests-context.xml] does not exist
14:14:37.312 [main] DEBUG org.springframework.test.context.support.AbstractContextLoader - Did not detect default resource location for test class [com.microservice.authservice.AuthServiceApplicationTests]: class path resource [com/microservice/authservice/AuthServiceApplicationTestsContext.groovy] does not exist
14:14:37.312 [main] INFO org.springframework.test.context.support.AbstractContextLoader - Could not detect default resource locations for test class [com.microservice.authservice.AuthServiceApplicationTests]: no resource found for suffixes {-context.xml, Context.groovy}.
14:14:37.312 [main] INFO org.springframework.test.context.support.AnnotationConfigContextLoaderUtils - Could not detect default configuration classes for test class [com.microservice.authservice.AuthServiceApplicationTests]: AuthServiceApplicationTests does not declare any static, non-private, non-final, nested classes annotated with @Configuration.
14:14:37.356 [main] DEBUG org.springframework.test.context.support.ActiveProfilesUtils - Could not find an 'annotation declaring class' for annotation type [org.springframework.test.context.ActiveProfiles] and class [com.microservice.authservice.AuthServiceApplicationTests]
14:14:37.424 [main] DEBUG org.springframework.context.annotation.ClassPathScanningCandidateComponentProvider - Identified candidate component class: file [/Users/phuctran/Desktop/rental-microservice/auth-service/target/classes/com/microservice/authservice/AuthServiceApplication.class]
14:14:37.424 [main] INFO org.springframework.boot.test.context.SpringBootTestContextBootstrapper - Found @SpringBootConfiguration com.microservice.authservice.AuthServiceApplication for test class com.microservice.authservice.AuthServiceApplicationTests
14:14:37.540 [main] DEBUG org.springframework.boot.test.context.SpringBootTestContextBootstrapper - @TestExecutionListeners is not present for class [com.microservice.authservice.AuthServiceApplicationTests]: using defaults.
14:14:37.540 [main] INFO org.springframework.boot.test.context.SpringBootTestContextBootstrapper - Loaded default TestExecutionListener class names from location [META-INF/spring.factories]: [org.springframework.boot.test.mock.mockito.MockitoTestExecutionListener, org.springframework.boot.test.mock.mockito.ResetMocksTestExecutionListener, org.springframework.boot.test.autoconfigure.restdocs.RestDocsTestExecutionListener, org.springframework.boot.test.autoconfigure.web.client.MockRestServiceServerResetTestExecutionListener, org.springframework.boot.test.autoconfigure.web.servlet.MockMvcPrintOnlyOnFailureTestExecutionListener, org.springframework.boot.test.autoconfigure.web.servlet.WebDriverTestExecutionListener, org.springframework.boot.test.autoconfigure.webservices.client.MockWebServiceServerTestExecutionListener, org.springframework.test.context.web.ServletTestExecutionListener, org.springframework.test.context.support.DirtiesContextBeforeModesTestExecutionListener, org.springframework.test.context.event.ApplicationEventsTestExecutionListener, org.springframework.test.context.support.DependencyInjectionTestExecutionListener, org.springframework.test.context.support.DirtiesContextTestExecutionListener, org.springframework.test.context.transaction.TransactionalTestExecutionListener, org.springframework.test.context.jdbc.SqlScriptsTestExecutionListener, org.springframework.test.context.event.EventPublishingTestExecutionListener]
14:14:37.550 [main] INFO org.springframework.boot.test.context.SpringBootTestContextBootstrapper - Using TestExecutionListeners: [org.springframework.test.context.web.ServletTestExecutionListener@31dadd46, org.springframework.test.context.support.DirtiesContextBeforeModesTestExecutionListener@4ed5eb72, org.springframework.test.context.event.ApplicationEventsTestExecutionListener@12f9af83, org.springframework.boot.test.mock.mockito.MockitoTestExecutionListener@19b93fa8, org.springframework.boot.test.autoconfigure.SpringBootDependencyInjectionTestExecutionListener@7e6ef134, org.springframework.test.context.support.DirtiesContextTestExecutionListener@1f010bf0, org.springframework.test.context.transaction.TransactionalTestExecutionListener@40db2a24, org.springframework.test.context.jdbc.SqlScriptsTestExecutionListener@10cf09e8, org.springframework.test.context.event.EventPublishingTestExecutionListener@1921ad94, org.springframework.boot.test.mock.mockito.ResetMocksTestExecutionListener@ee86bcb, org.springframework.boot.test.autoconfigure.restdocs.RestDocsTestExecutionListener@177bea38, org.springframework.boot.test.autoconfigure.web.client.MockRestServiceServerResetTestExecutionListener@7f132176, org.springframework.boot.test.autoconfigure.web.servlet.MockMvcPrintOnlyOnFailureTestExecutionListener@6bca7e0d, org.springframework.boot.test.autoconfigure.web.servlet.WebDriverTestExecutionListener@2631f68c, org.springframework.boot.test.autoconfigure.webservices.client.MockWebServiceServerTestExecutionListener@6ed3f258]
14:14:37.553 [main] DEBUG org.springframework.test.context.support.AbstractDirtiesContextTestExecutionListener - Before test class: context [DefaultTestContext@5e4bd84a testClass = AuthServiceApplicationTests, testInstance = [null], testMethod = [null], testException = [null], mergedContextConfiguration = [WebMergedContextConfiguration@648c94da testClass = AuthServiceApplicationTests, locations = '{}', classes = '{class com.microservice.authservice.AuthServiceApplication}', contextInitializerClasses = '[]', activeProfiles = '{}', propertySourceLocations = '{}', propertySourceProperties = '{org.springframework.boot.test.context.SpringBootTestContextBootstrapper=true}', contextCustomizers = set[org.springframework.boot.test.context.filter.ExcludeFilterContextCustomizer@611889f4, org.springframework.boot.test.json.DuplicateJsonObjectContextCustomizerFactory$DuplicateJsonObjectContextCustomizer@1a18644, org.springframework.boot.test.mock.mockito.MockitoContextCustomizer@0, org.springframework.boot.test.web.client.TestRestTemplateContextCustomizer@bae7dc0, org.springframework.boot.test.autoconfigure.actuate.metrics.MetricsExportContextCustomizerFactory$DisableMetricExportContextCustomizer@485966cc, org.springframework.boot.test.autoconfigure.properties.PropertyMappingContextCustomizer@0, org.springframework.boot.test.autoconfigure.web.servlet.WebDriverContextCustomizerFactory$Customizer@437da279, org.springframework.boot.test.context.SpringBootTestArgs@1, org.springframework.boot.test.context.SpringBootTestWebEnvironment@46daef40], resourceBasePath = 'src/main/webapp', contextLoader = 'org.springframework.boot.test.context.SpringBootContextLoader', parent = [null]], attributes = map['org.springframework.test.context.web.ServletTestExecutionListener.activateListener' -> true]], class annotated with @DirtiesContext [false] with mode [null].

  .   ____          _            __ _ _
 /\\ / ___'_ __ _ _(_)_ __  __ _ \ \ \ \
( ( )\___ | '_ | '_| | '_ \/ _` | \ \ \ \
 \\/  ___)| |_)| | | | | || (_| |  ) ) ) )
  '  |____| .__|_| |_|_| |_\__, | / / / /
 =========|_|==============|___/=/_/_/_/
 :: Spring Boot ::                (v2.7.3)

2022-09-23 14:14:38.507  INFO [auth-service,,] 76110 --- [           main] c.c.c.ConfigServicePropertySourceLocator : Fetching config from server at : http://127.0.0.1:8888
2022-09-23 14:14:42.342  WARN [auth-service,,] 76110 --- [           main] c.c.c.ConfigServicePropertySourceLocator : Could not locate PropertySource: None of labels [] found
2022-09-23 14:14:42.356  INFO [auth-service,,] 76110 --- [           main] c.m.a.AuthServiceApplicationTests        : No active profile set, falling back to 1 default profile: "default"
2022-09-23 14:14:43.080  INFO [auth-service,,] 76110 --- [           main] .s.d.r.c.RepositoryConfigurationDelegate : Bootstrapping Spring Data JPA repositories in DEFAULT mode.
2022-09-23 14:14:43.194  INFO [auth-service,,] 76110 --- [           main] .s.d.r.c.RepositoryConfigurationDelegate : Finished Spring Data repository scanning in 109 ms. Found 1 JPA repository interfaces.
2022-09-23 14:14:43.549  INFO [auth-service,,] 76110 --- [           main] faultConfiguringBeanFactoryPostProcessor : No bean named 'errorChannel' has been explicitly defined. Therefore, a default PublishSubscribeChannel will be created.
2022-09-23 14:14:43.557  INFO [auth-service,,] 76110 --- [           main] faultConfiguringBeanFactoryPostProcessor : No bean named 'integrationHeaderChannelRegistry' has been explicitly defined. Therefore, a default DefaultHeaderChannelRegistry will be created.
2022-09-23 14:14:43.646  INFO [auth-service,,] 76110 --- [           main] o.s.cloud.context.scope.GenericScope     : BeanFactory id=5312f4e9-a236-306d-a69d-89aece629310
2022-09-23 14:14:43.903  INFO [auth-service,,] 76110 --- [           main] trationDelegate$BeanPostProcessorChecker : Bean 'org.springframework.integration.config.IntegrationManagementConfiguration' of type [org.springframework.integration.config.IntegrationManagementConfiguration] is not eligible for getting processed by all BeanPostProcessors (for example: not eligible for auto-proxying)
2022-09-23 14:14:43.922  INFO [auth-service,,] 76110 --- [           main] trationDelegate$BeanPostProcessorChecker : Bean 'integrationChannelResolver' of type [org.springframework.integration.support.channel.BeanFactoryChannelResolver] is not eligible for getting processed by all BeanPostProcessors (for example: not eligible for auto-proxying)
2022-09-23 14:14:44.273  INFO [auth-service,,] 76110 --- [           main] o.hibernate.jpa.internal.util.LogHelper  : HHH000204: Processing PersistenceUnitInfo [name: default]
2022-09-23 14:14:44.302  INFO [auth-service,,] 76110 --- [           main] org.hibernate.Version                    : HHH000412: Hibernate ORM core version 5.6.10.Final
2022-09-23 14:14:44.402  INFO [auth-service,,] 76110 --- [           main] o.hibernate.annotations.common.Version   : HCANN000001: Hibernate Commons Annotations {5.1.2.Final}
2022-09-23 14:14:44.464  INFO [auth-service,,] 76110 --- [           main] com.zaxxer.hikari.HikariDataSource       : HikariPool-1 - Starting...
2022-09-23 14:14:44.579  INFO [auth-service,,] 76110 --- [           main] com.zaxxer.hikari.HikariDataSource       : HikariPool-1 - Start completed.
2022-09-23 14:14:44.588  INFO [auth-service,,] 76110 --- [           main] org.hibernate.dialect.Dialect            : HHH000400: Using dialect: org.hibernate.dialect.MySQL5InnoDBDialect
2022-09-23 14:14:44.718  WARN [auth-service,,] 76110 --- [           main] o.s.w.c.s.GenericWebApplicationContext   : Exception encountered during context initialization - cancelling refresh attempt: org.springframework.beans.factory.BeanCreationException: Error creating bean with name 'entityManagerFactory' defined in class path resource [org/springframework/boot/autoconfigure/orm/jpa/HibernateJpaConfiguration.class]: Invocation of init method failed; nested exception is java.lang.NoClassDefFoundError: javax/validation/ValidatorFactory
2022-09-23 14:14:44.719  INFO [auth-service,,] 76110 --- [           main] com.zaxxer.hikari.HikariDataSource       : HikariPool-1 - Shutdown initiated...
2022-09-23 14:14:44.725  INFO [auth-service,,] 76110 --- [           main] com.zaxxer.hikari.HikariDataSource       : HikariPool-1 - Shutdown completed.
2022-09-23 14:14:44.741  INFO [auth-service,,] 76110 --- [           main] ConditionEvaluationReportLoggingListener : 

Error starting ApplicationContext. To display the conditions report re-run your application with 'debug' enabled.
2022-09-23 14:14:44.757 ERROR [auth-service,,] 76110 --- [           main] o.s.boot.SpringApplication               : Application run failed

org.springframework.beans.factory.BeanCreationException: Error creating bean with name 'entityManagerFactory' defined in class path resource [org/springframework/boot/autoconfigure/orm/jpa/HibernateJpaConfiguration.class]: Invocation of init method failed; nested exception is java.lang.NoClassDefFoundError: javax/validation/ValidatorFactory
	at org.springframework.beans.factory.support.AbstractAutowireCapableBeanFactory.initializeBean(AbstractAutowireCapableBeanFactory.java:1804) ~[spring-beans-5.3.22.jar:5.3.22]
	at org.springframework.beans.factory.support.AbstractAutowireCapableBeanFactory.doCreateBean(AbstractAutowireCapableBeanFactory.java:620) ~[spring-beans-5.3.22.jar:5.3.22]
	at org.springframework.beans.factory.support.AbstractAutowireCapableBeanFactory.createBean(AbstractAutowireCapableBeanFactory.java:542) ~[spring-beans-5.3.22.jar:5.3.22]
	at org.springframework.beans.factory.support.AbstractBeanFactory.lambda$doGetBean$0(AbstractBeanFactory.java:335) ~[spring-beans-5.3.22.jar:5.3.22]
	at org.springframework.beans.factory.support.DefaultSingletonBeanRegistry.getSingleton(DefaultSingletonBeanRegistry.java:234) ~[spring-beans-5.3.22.jar:5.3.22]
	at org.springframework.beans.factory.support.AbstractBeanFactory.doGetBean(AbstractBeanFactory.java:333) ~[spring-beans-5.3.22.jar:5.3.22]
	at org.springframework.beans.factory.support.AbstractBeanFactory.getBean(AbstractBeanFactory.java:208) ~[spring-beans-5.3.22.jar:5.3.22]
	at org.springframework.context.support.AbstractApplicationContext.getBean(AbstractApplicationContext.java:1154) ~[spring-context-5.3.22.jar:5.3.22]
	at org.springframework.context.support.AbstractApplicationContext.finishBeanFactoryInitialization(AbstractApplicationContext.java:908) ~[spring-context-5.3.22.jar:5.3.22]
	at org.springframework.context.support.AbstractApplicationContext.refresh(AbstractApplicationContext.java:583) ~[spring-context-5.3.22.jar:5.3.22]
	at org.springframework.boot.SpringApplication.refresh(SpringApplication.java:734) ~[spring-boot-2.7.3.jar:2.7.3]
	at org.springframework.boot.SpringApplication.refreshContext(SpringApplication.java:408) ~[spring-boot-2.7.3.jar:2.7.3]
	at org.springframework.boot.SpringApplication.run(SpringApplication.java:308) ~[spring-boot-2.7.3.jar:2.7.3]
	at org.springframework.boot.test.context.SpringBootContextLoader.loadContext(SpringBootContextLoader.java:132) ~[spring-boot-test-2.7.3.jar:2.7.3]
	at org.springframework.test.context.cache.DefaultCacheAwareContextLoaderDelegate.loadContextInternal(DefaultCacheAwareContextLoaderDelegate.java:99) ~[spring-test-5.3.22.jar:5.3.22]
	at org.springframework.test.context.cache.DefaultCacheAwareContextLoaderDelegate.loadContext(DefaultCacheAwareContextLoaderDelegate.java:124) ~[spring-test-5.3.22.jar:5.3.22]
	at org.springframework.test.context.support.DefaultTestContext.getApplicationContext(DefaultTestContext.java:124) ~[spring-test-5.3.22.jar:5.3.22]
	at org.springframework.test.context.web.ServletTestExecutionListener.setUpRequestContextIfNecessary(ServletTestExecutionListener.java:190) ~[spring-test-5.3.22.jar:5.3.22]
	at org.springframework.test.context.web.ServletTestExecutionListener.prepareTestInstance(ServletTestExecutionListener.java:132) ~[spring-test-5.3.22.jar:5.3.22]
	at org.springframework.test.context.TestContextManager.prepareTestInstance(TestContextManager.java:248) ~[spring-test-5.3.22.jar:5.3.22]
	at org.springframework.test.context.junit.jupiter.SpringExtension.postProcessTestInstance(SpringExtension.java:138) ~[spring-test-5.3.22.jar:5.3.22]
	at org.junit.jupiter.engine.descriptor.ClassBasedTestDescriptor.lambda$invokeTestInstancePostProcessors$8(ClassBasedTestDescriptor.java:363) ~[junit-jupiter-engine-5.8.2.jar:5.8.2]
	at org.junit.jupiter.engine.descriptor.ClassBasedTestDescriptor.executeAndMaskThrowable(ClassBasedTestDescriptor.java:368) ~[junit-jupiter-engine-5.8.2.jar:5.8.2]
	at org.junit.jupiter.engine.descriptor.ClassBasedTestDescriptor.lambda$invokeTestInstancePostProcessors$9(ClassBasedTestDescriptor.java:363) ~[junit-jupiter-engine-5.8.2.jar:5.8.2]
	at java.base/java.util.stream.ReferencePipeline$3$1.accept(ReferencePipeline.java:197) ~[na:na]
	at java.base/java.util.stream.ReferencePipeline$2$1.accept(ReferencePipeline.java:179) ~[na:na]
	at java.base/java.util.ArrayList$ArrayListSpliterator.forEachRemaining(ArrayList.java:1625) ~[na:na]
	at java.base/java.util.stream.AbstractPipeline.copyInto(AbstractPipeline.java:509) ~[na:na]
	at java.base/java.util.stream.AbstractPipeline.wrapAndCopyInto(AbstractPipeline.java:499) ~[na:na]
	at java.base/java.util.stream.StreamSpliterators$WrappingSpliterator.forEachRemaining(StreamSpliterators.java:310) ~[na:na]
	at java.base/java.util.stream.Streams$ConcatSpliterator.forEachRemaining(Streams.java:735) ~[na:na]
	at java.base/java.util.stream.Streams$ConcatSpliterator.forEachRemaining(Streams.java:734) ~[na:na]
	at java.base/java.util.stream.ReferencePipeline$Head.forEach(ReferencePipeline.java:762) ~[na:na]
	at org.junit.jupiter.engine.descriptor.ClassBasedTestDescriptor.invokeTestInstancePostProcessors(ClassBasedTestDescriptor.java:362) ~[junit-jupiter-engine-5.8.2.jar:5.8.2]
	at org.junit.jupiter.engine.descriptor.ClassBasedTestDescriptor.lambda$instantiateAndPostProcessTestInstance$6(ClassBasedTestDescriptor.java:283) ~[junit-jupiter-engine-5.8.2.jar:5.8.2]
	at org.junit.platform.engine.support.hierarchical.ThrowableCollector.execute(ThrowableCollector.java:73) ~[junit-platform-engine-1.8.2.jar:1.8.2]
	at org.junit.jupiter.engine.descriptor.ClassBasedTestDescriptor.instantiateAndPostProcessTestInstance(ClassBasedTestDescriptor.java:282) ~[junit-jupiter-engine-5.8.2.jar:5.8.2]
	at org.junit.jupiter.engine.descriptor.ClassBasedTestDescriptor.lambda$testInstancesProvider$4(ClassBasedTestDescriptor.java:272) ~[junit-jupiter-engine-5.8.2.jar:5.8.2]
	at java.base/java.util.Optional.orElseGet(Optional.java:364) ~[na:na]
	at org.junit.jupiter.engine.descriptor.ClassBasedTestDescriptor.lambda$testInstancesProvider$5(ClassBasedTestDescriptor.java:271) ~[junit-jupiter-engine-5.8.2.jar:5.8.2]
	at org.junit.jupiter.engine.execution.TestInstancesProvider.getTestInstances(TestInstancesProvider.java:31) ~[junit-jupiter-engine-5.8.2.jar:5.8.2]
	at org.junit.jupiter.engine.descriptor.TestMethodTestDescriptor.lambda$prepare$0(TestMethodTestDescriptor.java:102) ~[junit-jupiter-engine-5.8.2.jar:5.8.2]
	at org.junit.platform.engine.support.hierarchical.ThrowableCollector.execute(ThrowableCollector.java:73) ~[junit-platform-engine-1.8.2.jar:1.8.2]
	at org.junit.jupiter.engine.descriptor.TestMethodTestDescriptor.prepare(TestMethodTestDescriptor.java:101) ~[junit-jupiter-engine-5.8.2.jar:5.8.2]
	at org.junit.jupiter.engine.descriptor.TestMethodTestDescriptor.prepare(TestMethodTestDescriptor.java:66) ~[junit-jupiter-engine-5.8.2.jar:5.8.2]
	at org.junit.platform.engine.support.hierarchical.NodeTestTask.lambda$prepare$2(NodeTestTask.java:123) ~[junit-platform-engine-1.8.2.jar:1.8.2]
	at org.junit.platform.engine.support.hierarchical.ThrowableCollector.execute(ThrowableCollector.java:73) ~[junit-platform-engine-1.8.2.jar:1.8.2]
	at org.junit.platform.engine.support.hierarchical.NodeTestTask.prepare(NodeTestTask.java:123) ~[junit-platform-engine-1.8.2.jar:1.8.2]
	at org.junit.platform.engine.support.hierarchical.NodeTestTask.execute(NodeTestTask.java:90) ~[junit-platform-engine-1.8.2.jar:1.8.2]
	at java.base/java.util.ArrayList.forEach(ArrayList.java:1511) ~[na:na]
	at org.junit.platform.engine.support.hierarchical.SameThreadHierarchicalTestExecutorService.invokeAll(SameThreadHierarchicalTestExecutorService.java:41) ~[junit-platform-engine-1.8.2.jar:1.8.2]
	at org.junit.platform.engine.support.hierarchical.NodeTestTask.lambda$executeRecursively$6(NodeTestTask.java:155) ~[junit-platform-engine-1.8.2.jar:1.8.2]
	at org.junit.platform.engine.support.hierarchical.ThrowableCollector.execute(ThrowableCollector.java:73) ~[junit-platform-engine-1.8.2.jar:1.8.2]
	at org.junit.platform.engine.support.hierarchical.NodeTestTask.lambda$executeRecursively$8(NodeTestTask.java:141) ~[junit-platform-engine-1.8.2.jar:1.8.2]
	at org.junit.platform.engine.support.hierarchical.Node.around(Node.java:137) ~[junit-platform-engine-1.8.2.jar:1.8.2]
	at org.junit.platform.engine.support.hierarchical.NodeTestTask.lambda$executeRecursively$9(NodeTestTask.java:139) ~[junit-platform-engine-1.8.2.jar:1.8.2]
	at org.junit.platform.engine.support.hierarchical.ThrowableCollector.execute(ThrowableCollector.java:73) ~[junit-platform-engine-1.8.2.jar:1.8.2]
	at org.junit.platform.engine.support.hierarchical.NodeTestTask.executeRecursively(NodeTestTask.java:138) ~[junit-platform-engine-1.8.2.jar:1.8.2]
	at org.junit.platform.engine.support.hierarchical.NodeTestTask.execute(NodeTestTask.java:95) ~[junit-platform-engine-1.8.2.jar:1.8.2]
	at java.base/java.util.ArrayList.forEach(ArrayList.java:1511) ~[na:na]
	at org.junit.platform.engine.support.hierarchical.SameThreadHierarchicalTestExecutorService.invokeAll(SameThreadHierarchicalTestExecutorService.java:41) ~[junit-platform-engine-1.8.2.jar:1.8.2]
	at org.junit.platform.engine.support.hierarchical.NodeTestTask.lambda$executeRecursively$6(NodeTestTask.java:155) ~[junit-platform-engine-1.8.2.jar:1.8.2]
	at org.junit.platform.engine.support.hierarchical.ThrowableCollector.execute(ThrowableCollector.java:73) ~[junit-platform-engine-1.8.2.jar:1.8.2]
	at org.junit.platform.engine.support.hierarchical.NodeTestTask.lambda$executeRecursively$8(NodeTestTask.java:141) ~[junit-platform-engine-1.8.2.jar:1.8.2]
	at org.junit.platform.engine.support.hierarchical.Node.around(Node.java:137) ~[junit-platform-engine-1.8.2.jar:1.8.2]
	at org.junit.platform.engine.support.hierarchical.NodeTestTask.lambda$executeRecursively$9(NodeTestTask.java:139) ~[junit-platform-engine-1.8.2.jar:1.8.2]
	at org.junit.platform.engine.support.hierarchical.ThrowableCollector.execute(ThrowableCollector.java:73) ~[junit-platform-engine-1.8.2.jar:1.8.2]
	at org.junit.platform.engine.support.hierarchical.NodeTestTask.executeRecursively(NodeTestTask.java:138) ~[junit-platform-engine-1.8.2.jar:1.8.2]
	at org.junit.platform.engine.support.hierarchical.NodeTestTask.execute(NodeTestTask.java:95) ~[junit-platform-engine-1.8.2.jar:1.8.2]
	at org.junit.platform.engine.support.hierarchical.SameThreadHierarchicalTestExecutorService.submit(SameThreadHierarchicalTestExecutorService.java:35) ~[junit-platform-engine-1.8.2.jar:1.8.2]
	at org.junit.platform.engine.support.hierarchical.HierarchicalTestExecutor.execute(HierarchicalTestExecutor.java:57) ~[junit-platform-engine-1.8.2.jar:1.8.2]
	at org.junit.platform.engine.support.hierarchical.HierarchicalTestEngine.execute(HierarchicalTestEngine.java:54) ~[junit-platform-engine-1.8.2.jar:1.8.2]
	at org.junit.platform.launcher.core.DefaultLauncher.execute(DefaultLauncher.java:220) ~[junit-platform-launcher-1.3.1.jar:1.3.1]
	at org.junit.platform.launcher.core.DefaultLauncher.lambda$execute$6(DefaultLauncher.java:188) ~[junit-platform-launcher-1.3.1.jar:1.3.1]
	at org.junit.platform.launcher.core.DefaultLauncher.withInterceptedStreams(DefaultLauncher.java:202) ~[junit-platform-launcher-1.3.1.jar:1.3.1]
	at org.junit.platform.launcher.core.DefaultLauncher.execute(DefaultLauncher.java:181) ~[junit-platform-launcher-1.3.1.jar:1.3.1]
	at org.junit.platform.launcher.core.DefaultLauncher.execute(DefaultLauncher.java:128) ~[junit-platform-launcher-1.3.1.jar:1.3.1]
	at org.apache.maven.surefire.junitplatform.JUnitPlatformProvider.invokeAllTests(JUnitPlatformProvider.java:150) ~[surefire-junit-platform-2.22.2.jar:2.22.2]
	at org.apache.maven.surefire.junitplatform.JUnitPlatformProvider.invoke(JUnitPlatformProvider.java:124) ~[surefire-junit-platform-2.22.2.jar:2.22.2]
	at org.apache.maven.surefire.booter.ForkedBooter.invokeProviderInSameClassLoader(ForkedBooter.java:384) ~[surefire-booter-2.22.2.jar:2.22.2]
	at org.apache.maven.surefire.booter.ForkedBooter.runSuitesInProcess(ForkedBooter.java:345) ~[surefire-booter-2.22.2.jar:2.22.2]
	at org.apache.maven.surefire.booter.ForkedBooter.execute(ForkedBooter.java:126) ~[surefire-booter-2.22.2.jar:2.22.2]
	at org.apache.maven.surefire.booter.ForkedBooter.main(ForkedBooter.java:418) ~[surefire-booter-2.22.2.jar:2.22.2]
Caused by: java.lang.NoClassDefFoundError: javax/validation/ValidatorFactory
	at java.base/java.lang.Class.getDeclaredMethods0(Native Method) ~[na:na]
	at java.base/java.lang.Class.privateGetDeclaredMethods(Class.java:3434) ~[na:na]
	at java.base/java.lang.Class.getMethodsRecursive(Class.java:3575) ~[na:na]
	at java.base/java.lang.Class.getMethod0(Class.java:3561) ~[na:na]
	at java.base/java.lang.Class.getMethod(Class.java:2257) ~[na:na]
	at org.hibernate.cfg.beanvalidation.BeanValidationIntegrator.integrate(BeanValidationIntegrator.java:113) ~[hibernate-core-5.6.10.Final.jar:5.6.10.Final]
	at org.hibernate.internal.SessionFactoryImpl.<init>(SessionFactoryImpl.java:300) ~[hibernate-core-5.6.10.Final.jar:5.6.10.Final]
	at org.hibernate.boot.internal.SessionFactoryBuilderImpl.build(SessionFactoryBuilderImpl.java:471) ~[hibernate-core-5.6.10.Final.jar:5.6.10.Final]
	at org.hibernate.jpa.boot.internal.EntityManagerFactoryBuilderImpl.build(EntityManagerFactoryBuilderImpl.java:1498) ~[hibernate-core-5.6.10.Final.jar:5.6.10.Final]
	at org.springframework.orm.jpa.vendor.SpringHibernateJpaPersistenceProvider.createContainerEntityManagerFactory(SpringHibernateJpaPersistenceProvider.java:58) ~[spring-orm-5.3.22.jar:5.3.22]
	at org.springframework.orm.jpa.LocalContainerEntityManagerFactoryBean.createNativeEntityManagerFactory(LocalContainerEntityManagerFactoryBean.java:365) ~[spring-orm-5.3.22.jar:5.3.22]
	at org.springframework.orm.jpa.AbstractEntityManagerFactoryBean.buildNativeEntityManagerFactory(AbstractEntityManagerFactoryBean.java:409) ~[spring-orm-5.3.22.jar:5.3.22]
	at org.springframework.orm.jpa.AbstractEntityManagerFactoryBean.afterPropertiesSet(AbstractEntityManagerFactoryBean.java:396) ~[spring-orm-5.3.22.jar:5.3.22]
	at org.springframework.orm.jpa.LocalContainerEntityManagerFactoryBean.afterPropertiesSet(LocalContainerEntityManagerFactoryBean.java:341) ~[spring-orm-5.3.22.jar:5.3.22]
	at org.springframework.beans.factory.support.AbstractAutowireCapableBeanFactory.invokeInitMethods(AbstractAutowireCapableBeanFactory.java:1863) ~[spring-beans-5.3.22.jar:5.3.22]
	at org.springframework.beans.factory.support.AbstractAutowireCapableBeanFactory.initializeBean(AbstractAutowireCapableBeanFactory.java:1800) ~[spring-beans-5.3.22.jar:5.3.22]
	... 82 common frames omitted
Caused by: java.lang.ClassNotFoundException: javax.validation.ValidatorFactory
	at java.base/jdk.internal.loader.BuiltinClassLoader.loadClass(BuiltinClassLoader.java:641) ~[na:na]
	at java.base/jdk.internal.loader.ClassLoaders$AppClassLoader.loadClass(ClassLoaders.java:188) ~[na:na]
	at java.base/java.lang.ClassLoader.loadClass(ClassLoader.java:521) ~[na:na]
	... 98 common frames omitted

2022-09-23 14:14:44.758 ERROR [auth-service,,] 76110 --- [           main] o.s.test.context.TestContextManager      : Caught exception while allowing TestExecutionListener [org.springframework.test.context.web.ServletTestExecutionListener@31dadd46] to prepare test instance [com.microservice.authservice.AuthServiceApplicationTests@5e643402]

java.lang.IllegalStateException: Failed to load ApplicationContext
	at org.springframework.test.context.cache.DefaultCacheAwareContextLoaderDelegate.loadContext(DefaultCacheAwareContextLoaderDelegate.java:132) ~[spring-test-5.3.22.jar:5.3.22]
	at org.springframework.test.context.support.DefaultTestContext.getApplicationContext(DefaultTestContext.java:124) ~[spring-test-5.3.22.jar:5.3.22]
	at org.springframework.test.context.web.ServletTestExecutionListener.setUpRequestContextIfNecessary(ServletTestExecutionListener.java:190) ~[spring-test-5.3.22.jar:5.3.22]
	at org.springframework.test.context.web.ServletTestExecutionListener.prepareTestInstance(ServletTestExecutionListener.java:132) ~[spring-test-5.3.22.jar:5.3.22]
	at org.springframework.test.context.TestContextManager.prepareTestInstance(TestContextManager.java:248) ~[spring-test-5.3.22.jar:5.3.22]
	at org.springframework.test.context.junit.jupiter.SpringExtension.postProcessTestInstance(SpringExtension.java:138) ~[spring-test-5.3.22.jar:5.3.22]
	at org.junit.jupiter.engine.descriptor.ClassBasedTestDescriptor.lambda$invokeTestInstancePostProcessors$8(ClassBasedTestDescriptor.java:363) ~[junit-jupiter-engine-5.8.2.jar:5.8.2]
	at org.junit.jupiter.engine.descriptor.ClassBasedTestDescriptor.executeAndMaskThrowable(ClassBasedTestDescriptor.java:368) ~[junit-jupiter-engine-5.8.2.jar:5.8.2]
	at org.junit.jupiter.engine.descriptor.ClassBasedTestDescriptor.lambda$invokeTestInstancePostProcessors$9(ClassBasedTestDescriptor.java:363) ~[junit-jupiter-engine-5.8.2.jar:5.8.2]
	at java.base/java.util.stream.ReferencePipeline$3$1.accept(ReferencePipeline.java:197) ~[na:na]
	at java.base/java.util.stream.ReferencePipeline$2$1.accept(ReferencePipeline.java:179) ~[na:na]
	at java.base/java.util.ArrayList$ArrayListSpliterator.forEachRemaining(ArrayList.java:1625) ~[na:na]
	at java.base/java.util.stream.AbstractPipeline.copyInto(AbstractPipeline.java:509) ~[na:na]
	at java.base/java.util.stream.AbstractPipeline.wrapAndCopyInto(AbstractPipeline.java:499) ~[na:na]
	at java.base/java.util.stream.StreamSpliterators$WrappingSpliterator.forEachRemaining(StreamSpliterators.java:310) ~[na:na]
	at java.base/java.util.stream.Streams$ConcatSpliterator.forEachRemaining(Streams.java:735) ~[na:na]
	at java.base/java.util.stream.Streams$ConcatSpliterator.forEachRemaining(Streams.java:734) ~[na:na]
	at java.base/java.util.stream.ReferencePipeline$Head.forEach(ReferencePipeline.java:762) ~[na:na]
	at org.junit.jupiter.engine.descriptor.ClassBasedTestDescriptor.invokeTestInstancePostProcessors(ClassBasedTestDescriptor.java:362) ~[junit-jupiter-engine-5.8.2.jar:5.8.2]
	at org.junit.jupiter.engine.descriptor.ClassBasedTestDescriptor.lambda$instantiateAndPostProcessTestInstance$6(ClassBasedTestDescriptor.java:283) ~[junit-jupiter-engine-5.8.2.jar:5.8.2]
	at org.junit.platform.engine.support.hierarchical.ThrowableCollector.execute(ThrowableCollector.java:73) ~[junit-platform-engine-1.8.2.jar:1.8.2]
	at org.junit.jupiter.engine.descriptor.ClassBasedTestDescriptor.instantiateAndPostProcessTestInstance(ClassBasedTestDescriptor.java:282) ~[junit-jupiter-engine-5.8.2.jar:5.8.2]
	at org.junit.jupiter.engine.descriptor.ClassBasedTestDescriptor.lambda$testInstancesProvider$4(ClassBasedTestDescriptor.java:272) ~[junit-jupiter-engine-5.8.2.jar:5.8.2]
	at java.base/java.util.Optional.orElseGet(Optional.java:364) ~[na:na]
	at org.junit.jupiter.engine.descriptor.ClassBasedTestDescriptor.lambda$testInstancesProvider$5(ClassBasedTestDescriptor.java:271) ~[junit-jupiter-engine-5.8.2.jar:5.8.2]
	at org.junit.jupiter.engine.execution.TestInstancesProvider.getTestInstances(TestInstancesProvider.java:31) ~[junit-jupiter-engine-5.8.2.jar:5.8.2]
	at org.junit.jupiter.engine.descriptor.TestMethodTestDescriptor.lambda$prepare$0(TestMethodTestDescriptor.java:102) ~[junit-jupiter-engine-5.8.2.jar:5.8.2]
	at org.junit.platform.engine.support.hierarchical.ThrowableCollector.execute(ThrowableCollector.java:73) ~[junit-platform-engine-1.8.2.jar:1.8.2]
	at org.junit.jupiter.engine.descriptor.TestMethodTestDescriptor.prepare(TestMethodTestDescriptor.java:101) ~[junit-jupiter-engine-5.8.2.jar:5.8.2]
	at org.junit.jupiter.engine.descriptor.TestMethodTestDescriptor.prepare(TestMethodTestDescriptor.java:66) ~[junit-jupiter-engine-5.8.2.jar:5.8.2]
	at org.junit.platform.engine.support.hierarchical.NodeTestTask.lambda$prepare$2(NodeTestTask.java:123) ~[junit-platform-engine-1.8.2.jar:1.8.2]
	at org.junit.platform.engine.support.hierarchical.ThrowableCollector.execute(ThrowableCollector.java:73) ~[junit-platform-engine-1.8.2.jar:1.8.2]
	at org.junit.platform.engine.support.hierarchical.NodeTestTask.prepare(NodeTestTask.java:123) ~[junit-platform-engine-1.8.2.jar:1.8.2]
	at org.junit.platform.engine.support.hierarchical.NodeTestTask.execute(NodeTestTask.java:90) ~[junit-platform-engine-1.8.2.jar:1.8.2]
	at java.base/java.util.ArrayList.forEach(ArrayList.java:1511) ~[na:na]
	at org.junit.platform.engine.support.hierarchical.SameThreadHierarchicalTestExecutorService.invokeAll(SameThreadHierarchicalTestExecutorService.java:41) ~[junit-platform-engine-1.8.2.jar:1.8.2]
	at org.junit.platform.engine.support.hierarchical.NodeTestTask.lambda$executeRecursively$6(NodeTestTask.java:155) ~[junit-platform-engine-1.8.2.jar:1.8.2]
	at org.junit.platform.engine.support.hierarchical.ThrowableCollector.execute(ThrowableCollector.java:73) ~[junit-platform-engine-1.8.2.jar:1.8.2]
	at org.junit.platform.engine.support.hierarchical.NodeTestTask.lambda$executeRecursively$8(NodeTestTask.java:141) ~[junit-platform-engine-1.8.2.jar:1.8.2]
	at org.junit.platform.engine.support.hierarchical.Node.around(Node.java:137) ~[junit-platform-engine-1.8.2.jar:1.8.2]
	at org.junit.platform.engine.support.hierarchical.NodeTestTask.lambda$executeRecursively$9(NodeTestTask.java:139) ~[junit-platform-engine-1.8.2.jar:1.8.2]
	at org.junit.platform.engine.support.hierarchical.ThrowableCollector.execute(ThrowableCollector.java:73) ~[junit-platform-engine-1.8.2.jar:1.8.2]
	at org.junit.platform.engine.support.hierarchical.NodeTestTask.executeRecursively(NodeTestTask.java:138) ~[junit-platform-engine-1.8.2.jar:1.8.2]
	at org.junit.platform.engine.support.hierarchical.NodeTestTask.execute(NodeTestTask.java:95) ~[junit-platform-engine-1.8.2.jar:1.8.2]
	at java.base/java.util.ArrayList.forEach(ArrayList.java:1511) ~[na:na]
	at org.junit.platform.engine.support.hierarchical.SameThreadHierarchicalTestExecutorService.invokeAll(SameThreadHierarchicalTestExecutorService.java:41) ~[junit-platform-engine-1.8.2.jar:1.8.2]
	at org.junit.platform.engine.support.hierarchical.NodeTestTask.lambda$executeRecursively$6(NodeTestTask.java:155) ~[junit-platform-engine-1.8.2.jar:1.8.2]
	at org.junit.platform.engine.support.hierarchical.ThrowableCollector.execute(ThrowableCollector.java:73) ~[junit-platform-engine-1.8.2.jar:1.8.2]
	at org.junit.platform.engine.support.hierarchical.NodeTestTask.lambda$executeRecursively$8(NodeTestTask.java:141) ~[junit-platform-engine-1.8.2.jar:1.8.2]
	at org.junit.platform.engine.support.hierarchical.Node.around(Node.java:137) ~[junit-platform-engine-1.8.2.jar:1.8.2]
	at org.junit.platform.engine.support.hierarchical.NodeTestTask.lambda$executeRecursively$9(NodeTestTask.java:139) ~[junit-platform-engine-1.8.2.jar:1.8.2]
	at org.junit.platform.engine.support.hierarchical.ThrowableCollector.execute(ThrowableCollector.java:73) ~[junit-platform-engine-1.8.2.jar:1.8.2]
	at org.junit.platform.engine.support.hierarchical.NodeTestTask.executeRecursively(NodeTestTask.java:138) ~[junit-platform-engine-1.8.2.jar:1.8.2]
	at org.junit.platform.engine.support.hierarchical.NodeTestTask.execute(NodeTestTask.java:95) ~[junit-platform-engine-1.8.2.jar:1.8.2]
	at org.junit.platform.engine.support.hierarchical.SameThreadHierarchicalTestExecutorService.submit(SameThreadHierarchicalTestExecutorService.java:35) ~[junit-platform-engine-1.8.2.jar:1.8.2]
	at org.junit.platform.engine.support.hierarchical.HierarchicalTestExecutor.execute(HierarchicalTestExecutor.java:57) ~[junit-platform-engine-1.8.2.jar:1.8.2]
	at org.junit.platform.engine.support.hierarchical.HierarchicalTestEngine.execute(HierarchicalTestEngine.java:54) ~[junit-platform-engine-1.8.2.jar:1.8.2]
	at org.junit.platform.launcher.core.DefaultLauncher.execute(DefaultLauncher.java:220) ~[junit-platform-launcher-1.3.1.jar:1.3.1]
	at org.junit.platform.launcher.core.DefaultLauncher.lambda$execute$6(DefaultLauncher.java:188) ~[junit-platform-launcher-1.3.1.jar:1.3.1]
	at org.junit.platform.launcher.core.DefaultLauncher.withInterceptedStreams(DefaultLauncher.java:202) ~[junit-platform-launcher-1.3.1.jar:1.3.1]
	at org.junit.platform.launcher.core.DefaultLauncher.execute(DefaultLauncher.java:181) ~[junit-platform-launcher-1.3.1.jar:1.3.1]
	at org.junit.platform.launcher.core.DefaultLauncher.execute(DefaultLauncher.java:128) ~[junit-platform-launcher-1.3.1.jar:1.3.1]
	at org.apache.maven.surefire.junitplatform.JUnitPlatformProvider.invokeAllTests(JUnitPlatformProvider.java:150) ~[surefire-junit-platform-2.22.2.jar:2.22.2]
	at org.apache.maven.surefire.junitplatform.JUnitPlatformProvider.invoke(JUnitPlatformProvider.java:124) ~[surefire-junit-platform-2.22.2.jar:2.22.2]
	at org.apache.maven.surefire.booter.ForkedBooter.invokeProviderInSameClassLoader(ForkedBooter.java:384) ~[surefire-booter-2.22.2.jar:2.22.2]
	at org.apache.maven.surefire.booter.ForkedBooter.runSuitesInProcess(ForkedBooter.java:345) ~[surefire-booter-2.22.2.jar:2.22.2]
	at org.apache.maven.surefire.booter.ForkedBooter.execute(ForkedBooter.java:126) ~[surefire-booter-2.22.2.jar:2.22.2]
	at org.apache.maven.surefire.booter.ForkedBooter.main(ForkedBooter.java:418) ~[surefire-booter-2.22.2.jar:2.22.2]
Caused by: org.springframework.beans.factory.BeanCreationException: Error creating bean with name 'entityManagerFactory' defined in class path resource [org/springframework/boot/autoconfigure/orm/jpa/HibernateJpaConfiguration.class]: Invocation of init method failed; nested exception is java.lang.NoClassDefFoundError: javax/validation/ValidatorFactory
	at org.springframework.beans.factory.support.AbstractAutowireCapableBeanFactory.initializeBean(AbstractAutowireCapableBeanFactory.java:1804) ~[spring-beans-5.3.22.jar:5.3.22]
	at org.springframework.beans.factory.support.AbstractAutowireCapableBeanFactory.doCreateBean(AbstractAutowireCapableBeanFactory.java:620) ~[spring-beans-5.3.22.jar:5.3.22]
	at org.springframework.beans.factory.support.AbstractAutowireCapableBeanFactory.createBean(AbstractAutowireCapableBeanFactory.java:542) ~[spring-beans-5.3.22.jar:5.3.22]
	at org.springframework.beans.factory.support.AbstractBeanFactory.lambda$doGetBean$0(AbstractBeanFactory.java:335) ~[spring-beans-5.3.22.jar:5.3.22]
	at org.springframework.beans.factory.support.DefaultSingletonBeanRegistry.getSingleton(DefaultSingletonBeanRegistry.java:234) ~[spring-beans-5.3.22.jar:5.3.22]
	at org.springframework.beans.factory.support.AbstractBeanFactory.doGetBean(AbstractBeanFactory.java:333) ~[spring-beans-5.3.22.jar:5.3.22]
	at org.springframework.beans.factory.support.AbstractBeanFactory.getBean(AbstractBeanFactory.java:208) ~[spring-beans-5.3.22.jar:5.3.22]
	at org.springframework.context.support.AbstractApplicationContext.getBean(AbstractApplicationContext.java:1154) ~[spring-context-5.3.22.jar:5.3.22]
	at org.springframework.context.support.AbstractApplicationContext.finishBeanFactoryInitialization(AbstractApplicationContext.java:908) ~[spring-context-5.3.22.jar:5.3.22]
	at org.springframework.context.support.AbstractApplicationContext.refresh(AbstractApplicationContext.java:583) ~[spring-context-5.3.22.jar:5.3.22]
	at org.springframework.boot.SpringApplication.refresh(SpringApplication.java:734) ~[spring-boot-2.7.3.jar:2.7.3]
	at org.springframework.boot.SpringApplication.refreshContext(SpringApplication.java:408) ~[spring-boot-2.7.3.jar:2.7.3]
	at org.springframework.boot.SpringApplication.run(SpringApplication.java:308) ~[spring-boot-2.7.3.jar:2.7.3]
	at org.springframework.boot.test.context.SpringBootContextLoader.loadContext(SpringBootContextLoader.java:132) ~[spring-boot-test-2.7.3.jar:2.7.3]
	at org.springframework.test.context.cache.DefaultCacheAwareContextLoaderDelegate.loadContextInternal(DefaultCacheAwareContextLoaderDelegate.java:99) ~[spring-test-5.3.22.jar:5.3.22]
	at org.springframework.test.context.cache.DefaultCacheAwareContextLoaderDelegate.loadContext(DefaultCacheAwareContextLoaderDelegate.java:124) ~[spring-test-5.3.22.jar:5.3.22]
	... 67 common frames omitted
Caused by: java.lang.NoClassDefFoundError: javax/validation/ValidatorFactory
	at java.base/java.lang.Class.getDeclaredMethods0(Native Method) ~[na:na]
	at java.base/java.lang.Class.privateGetDeclaredMethods(Class.java:3434) ~[na:na]
	at java.base/java.lang.Class.getMethodsRecursive(Class.java:3575) ~[na:na]
	at java.base/java.lang.Class.getMethod0(Class.java:3561) ~[na:na]
	at java.base/java.lang.Class.getMethod(Class.java:2257) ~[na:na]
	at org.hibernate.cfg.beanvalidation.BeanValidationIntegrator.integrate(BeanValidationIntegrator.java:113) ~[hibernate-core-5.6.10.Final.jar:5.6.10.Final]
	at org.hibernate.internal.SessionFactoryImpl.<init>(SessionFactoryImpl.java:300) ~[hibernate-core-5.6.10.Final.jar:5.6.10.Final]
	at org.hibernate.boot.internal.SessionFactoryBuilderImpl.build(SessionFactoryBuilderImpl.java:471) ~[hibernate-core-5.6.10.Final.jar:5.6.10.Final]
	at org.hibernate.jpa.boot.internal.EntityManagerFactoryBuilderImpl.build(EntityManagerFactoryBuilderImpl.java:1498) ~[hibernate-core-5.6.10.Final.jar:5.6.10.Final]
	at org.springframework.orm.jpa.vendor.SpringHibernateJpaPersistenceProvider.createContainerEntityManagerFactory(SpringHibernateJpaPersistenceProvider.java:58) ~[spring-orm-5.3.22.jar:5.3.22]
	at org.springframework.orm.jpa.LocalContainerEntityManagerFactoryBean.createNativeEntityManagerFactory(LocalContainerEntityManagerFactoryBean.java:365) ~[spring-orm-5.3.22.jar:5.3.22]
	at org.springframework.orm.jpa.AbstractEntityManagerFactoryBean.buildNativeEntityManagerFactory(AbstractEntityManagerFactoryBean.java:409) ~[spring-orm-5.3.22.jar:5.3.22]
	at org.springframework.orm.jpa.AbstractEntityManagerFactoryBean.afterPropertiesSet(AbstractEntityManagerFactoryBean.java:396) ~[spring-orm-5.3.22.jar:5.3.22]
	at org.springframework.orm.jpa.LocalContainerEntityManagerFactoryBean.afterPropertiesSet(LocalContainerEntityManagerFactoryBean.java:341) ~[spring-orm-5.3.22.jar:5.3.22]
	at org.springframework.beans.factory.support.AbstractAutowireCapableBeanFactory.invokeInitMethods(AbstractAutowireCapableBeanFactory.java:1863) ~[spring-beans-5.3.22.jar:5.3.22]
	at org.springframework.beans.factory.support.AbstractAutowireCapableBeanFactory.initializeBean(AbstractAutowireCapableBeanFactory.java:1800) ~[spring-beans-5.3.22.jar:5.3.22]
	... 82 common frames omitted
Caused by: java.lang.ClassNotFoundException: javax.validation.ValidatorFactory
	at java.base/jdk.internal.loader.BuiltinClassLoader.loadClass(BuiltinClassLoader.java:641) ~[na:na]
	at java.base/jdk.internal.loader.ClassLoaders$AppClassLoader.loadClass(ClassLoaders.java:188) ~[na:na]
	at java.base/java.lang.ClassLoader.loadClass(ClassLoader.java:521) ~[na:na]
	... 98 common frames omitted

]]></system-out>
  </testcase>
</testsuite>